#
# There is insufficient memory for the Java Runtime Environment to continue.
# Native memory allocation (malloc) failed to allocate 1492016 bytes for Chunk::new
# Possible reasons:
#   The system is out of physical RAM or swap space
#   The process is running with CompressedOops enabled, and the Java Heap may be blocking the growth of the native heap
# Possible solutions:
#   Reduce memory load on the system
#   Increase physical memory or swap space
#   Check if swap backing store is full
#   Decrease Java heap size (-Xmx/-Xms)
#   Decrease number of Java threads
#   Decrease Java thread stack sizes (-Xss)
#   Set larger code cache with -XX:ReservedCodeCacheSize=
#   JVM is running with Unscaled Compressed Oops mode in which the Java heap is
#     placed in the first 4GB address space. The Java Heap base address is the
#     maximum limit for the native heap growth. Please use -XX:HeapBaseMinAddress
#     to set the Java Heap base and to place the Java Heap above 4GB virtual address.
# This output file may be truncated or incomplete.
#
#  Out of Memory Error (allocation.cpp:390), pid=21408, tid=0x00000000000054b8
#
# JRE version: Java(TM) SE Runtime Environment (8.0_201-b09) (build 1.8.0_201-b09)
# Java VM: Java HotSpot(TM) 64-Bit Server VM (25.201-b09 mixed mode windows-amd64 compressed oops)
# Failed to write core dump. Minidumps are not enabled by default on client versions of Windows
#

---------------  T H R E A D  ---------------

Current thread (0x0000000018d86000):  JavaThread "C2 CompilerThread1" daemon [_thread_in_native, id=21688, stack(0x0000000019700000,0x0000000019800000)]

Stack: [0x0000000019700000,0x0000000019800000]
[error occurred during error reporting (printing stack bounds), id 0xc0000005]

Native frames: (J=compiled Java code, j=interpreted, Vv=VM code, C=native code)


Current CompileTask:
C2:  11236 3419   !   4       org.springframework.core.annotation.AnnotationsScanner::processMethodHierarchy (276 bytes)


---------------  P R O C E S S  ---------------

Java Threads: ( => current thread )
  0x000000001c898000 JavaThread "mysql-cj-abandoned-connection-cleanup" daemon [_thread_blocked, id=23004, stack(0x000000001ce50000,0x000000001cf50000)]
  0x0000000018e78000 JavaThread "Service Thread" daemon [_thread_blocked, id=18836, stack(0x0000000019a00000,0x0000000019b00000)]
  0x0000000018d99000 JavaThread "C1 CompilerThread3" daemon [_thread_blocked, id=21156, stack(0x0000000019900000,0x0000000019a00000)]
  0x0000000018d8c800 JavaThread "C2 CompilerThread2" daemon [_thread_in_native, id=20300, stack(0x0000000019800000,0x0000000019900000)]
=>0x0000000018d86000 JavaThread "C2 CompilerThread1" daemon [_thread_in_native, id=21688, stack(0x0000000019700000,0x0000000019800000)]
  0x0000000018d85800 JavaThread "C2 CompilerThread0" daemon [_thread_in_native, id=23296, stack(0x0000000019600000,0x0000000019700000)]
  0x0000000018d76800 JavaThread "Monitor Ctrl-Break" daemon [_thread_in_native, id=24284, stack(0x0000000019500000,0x0000000019600000)]
  0x0000000016eda000 JavaThread "Attach Listener" daemon [_thread_blocked, id=7884, stack(0x0000000019400000,0x0000000019500000)]
  0x0000000018d28800 JavaThread "Signal Dispatcher" daemon [_thread_blocked, id=8208, stack(0x0000000019300000,0x0000000019400000)]
  0x0000000018cb0800 JavaThread "Finalizer" daemon [_thread_blocked, id=24872, stack(0x0000000019190000,0x0000000019290000)]
  0x0000000016ecd000 JavaThread "Reference Handler" daemon [_thread_blocked, id=20156, stack(0x0000000019090000,0x0000000019190000)]
  0x0000000002fc7800 JavaThread "main" [_thread_in_vm, id=19900, stack(0x0000000002ec0000,0x0000000002fc0000)]

Other Threads:
  0x0000000016ec5800 VMThread [stack: 0x0000000018b90000,0x0000000018c90000] [id=20748]
  0x0000000018e7e800 WatcherThread [stack: 0x0000000019b00000,0x0000000019c00000] [id=7284]

VM state:not at safepoint (normal execution)

VM Mutex/Monitor currently owned by a thread: None

heap address: 0x00000000a1c00000, size: 1508 MB, Compressed Oops mode: 32-bit
Narrow klass base: 0x0000000000000000, Narrow klass shift: 3
Compressed class space size: 1073741824 Address: 0x0000000100000000

Heap:
 PSYoungGen      total 158720K, used 17870K [0x00000000e0980000, 0x00000000efa80000, 0x0000000100000000)
  eden space 147456K, 12% used [0x00000000e0980000,0x00000000e1af3ad8,0x00000000e9980000)
  from space 11264K, 0% used [0x00000000e9980000,0x00000000e9980000,0x00000000ea480000)
  to   space 11264K, 0% used [0x00000000eef80000,0x00000000eef80000,0x00000000efa80000)
 ParOldGen       total 56320K, used 14218K [0x00000000a1c00000, 0x00000000a5300000, 0x00000000e0980000)
  object space 56320K, 25% used [0x00000000a1c00000,0x00000000a29e2b40,0x00000000a5300000)
 Metaspace       used 32976K, capacity 35927K, committed 36224K, reserved 1081344K
  class space    used 4434K, capacity 4936K, committed 4992K, reserved 1048576K

Card table byte_map: [0x00000000125a0000,0x00000000128a0000] byte_map_base: 0x0000000012092000

Marking Bits: (ParMarkBitMap*) 0x00000000607d4ce0
 Begin Bits: [0x00000000132a0000, 0x0000000014a30000)
 End Bits:   [0x0000000014a30000, 0x00000000161c0000)

Polling page: 0x0000000002e30000

CodeCache: size=245760Kb used=12339Kb max_used=12348Kb free=233420Kb
 bounds [0x00000000031e0000, 0x0000000003e00000, 0x00000000121e0000]
 total_blobs=3706 nmethods=3292 adapters=327
 compilation: enabled

Compilation events (10 events):
Event: 11.092 Thread 0x0000000018d99000 3541   !   3       com.sun.proxy.$Proxy77::annotationType (29 bytes)
Event: 11.092 Thread 0x0000000018d99000 nmethod 3541 0x0000000003dd3350 code [0x0000000003dd34e0, 0x0000000003dd3918]
Event: 11.101 Thread 0x0000000018d99000 3542       3       org.springframework.beans.factory.InjectionPoint::getAnnotations (39 bytes)
Event: 11.102 Thread 0x0000000018d99000 nmethod 3542 0x0000000003dd2390 code [0x0000000003dd2580, 0x0000000003dd2f28]
Event: 11.102 Thread 0x0000000018d99000 3543       1       java.lang.ThreadLocal::initialValue (2 bytes)
Event: 11.102 Thread 0x0000000018d99000 nmethod 3543 0x0000000003dd2010 code [0x0000000003dd2160, 0x0000000003dd2270]
Event: 11.113 Thread 0x0000000018d8c800 nmethod 3534 0x0000000003dfb110 code [0x0000000003dfb340, 0x0000000003dfbdc0]
Event: 11.113 Thread 0x0000000018d8c800 3535       4       org.springframework.core.annotation.AnnotationsScanner::getBaseTypeMethods (145 bytes)
Event: 11.161 Thread 0x0000000018d99000 3544  s!   3       java.lang.ClassLoader::initSystemClassLoader (109 bytes)
Event: 11.162 Thread 0x0000000018d99000 nmethod 3544 0x0000000003df9e10 code [0x0000000003dfa020, 0x0000000003dfacf8]

GC Heap History (10 events):
Event: 5.818 GC heap before
{Heap before GC invocations=7 (full 1):
 PSYoungGen      total 53248K, used 49152K [0x00000000e0980000, 0x00000000e7980000, 0x0000000100000000)
  eden space 49152K, 100% used [0x00000000e0980000,0x00000000e3980000,0x00000000e3980000)
  from space 4096K, 0% used [0x00000000e3980000,0x00000000e3980000,0x00000000e3d80000)
  to   space 8192K, 0% used [0x00000000e7180000,0x00000000e7180000,0x00000000e7980000)
 ParOldGen       total 43008K, used 7432K [0x00000000a1c00000, 0x00000000a4600000, 0x00000000e0980000)
  object space 43008K, 17% used [0x00000000a1c00000,0x00000000a2342220,0x00000000a4600000)
 Metaspace       used 23854K, capacity 25640K, committed 25856K, reserved 1071104K
  class space    used 3141K, capacity 3492K, committed 3584K, reserved 1048576K
Event: 5.834 GC heap after
Heap after GC invocations=7 (full 1):
 PSYoungGen      total 92672K, used 5730K [0x00000000e0980000, 0x00000000e7780000, 0x0000000100000000)
  eden space 86528K, 0% used [0x00000000e0980000,0x00000000e0980000,0x00000000e5e00000)
  from space 6144K, 93% used [0x00000000e7180000,0x00000000e7718898,0x00000000e7780000)
  to   space 7680K, 0% used [0x00000000e6880000,0x00000000e6880000,0x00000000e7000000)
 ParOldGen       total 43008K, used 7432K [0x00000000a1c00000, 0x00000000a4600000, 0x00000000e0980000)
  object space 43008K, 17% used [0x00000000a1c00000,0x00000000a2342220,0x00000000a4600000)
 Metaspace       used 23854K, capacity 25640K, committed 25856K, reserved 1071104K
  class space    used 3141K, capacity 3492K, committed 3584K, reserved 1048576K
}
Event: 8.272 GC heap before
{Heap before GC invocations=8 (full 1):
 PSYoungGen      total 92672K, used 92258K [0x00000000e0980000, 0x00000000e7780000, 0x0000000100000000)
  eden space 86528K, 100% used [0x00000000e0980000,0x00000000e5e00000,0x00000000e5e00000)
  from space 6144K, 93% used [0x00000000e7180000,0x00000000e7718898,0x00000000e7780000)
  to   space 7680K, 0% used [0x00000000e6880000,0x00000000e6880000,0x00000000e7000000)
 ParOldGen       total 43008K, used 7432K [0x00000000a1c00000, 0x00000000a4600000, 0x00000000e0980000)
  object space 43008K, 17% used [0x00000000a1c00000,0x00000000a2342220,0x00000000a4600000)
 Metaspace       used 28178K, capacity 30276K, committed 30592K, reserved 1075200K
  class space    used 3735K, capacity 4138K, committed 4224K, reserved 1048576K
Event: 8.290 GC heap after
Heap after GC invocations=8 (full 1):
 PSYoungGen      total 104960K, used 7678K [0x00000000e0980000, 0x00000000ead80000, 0x0000000100000000)
  eden space 97280K, 0% used [0x00000000e0980000,0x00000000e0980000,0x00000000e6880000)
  from space 7680K, 99% used [0x00000000e6880000,0x00000000e6fffb40,0x00000000e7000000)
  to   space 9216K, 0% used [0x00000000ea480000,0x00000000ea480000,0x00000000ead80000)
 ParOldGen       total 43008K, used 8350K [0x00000000a1c00000, 0x00000000a4600000, 0x00000000e0980000)
  object space 43008K, 19% used [0x00000000a1c00000,0x00000000a2427ad0,0x00000000a4600000)
 Metaspace       used 28178K, capacity 30276K, committed 30592K, reserved 1075200K
  class space    used 3735K, capacity 4138K, committed 4224K, reserved 1048576K
}
Event: 10.414 GC heap before
{Heap before GC invocations=9 (full 1):
 PSYoungGen      total 104960K, used 104958K [0x00000000e0980000, 0x00000000ead80000, 0x0000000100000000)
  eden space 97280K, 100% used [0x00000000e0980000,0x00000000e6880000,0x00000000e6880000)
  from space 7680K, 99% used [0x00000000e6880000,0x00000000e6fffb40,0x00000000e7000000)
  to   space 9216K, 0% used [0x00000000ea480000,0x00000000ea480000,0x00000000ead80000)
 ParOldGen       total 43008K, used 8350K [0x00000000a1c00000, 0x00000000a4600000, 0x00000000e0980000)
  object space 43008K, 19% used [0x00000000a1c00000,0x00000000a2427ad0,0x00000000a4600000)
 Metaspace       used 32119K, capacity 34916K, committed 35072K, reserved 1079296K
  class space    used 4313K, capacity 4818K, committed 4864K, reserved 1048576K
Event: 10.435 GC heap after
Heap after GC invocations=9 (full 1):
 PSYoungGen      total 156672K, used 9210K [0x00000000e0980000, 0x00000000ec180000, 0x0000000100000000)
  eden space 147456K, 0% used [0x00000000e0980000,0x00000000e0980000,0x00000000e9980000)
  from space 9216K, 99% used [0x00000000ea480000,0x00000000ead7ebb8,0x00000000ead80000)
  to   space 11264K, 0% used [0x00000000e9980000,0x00000000e9980000,0x00000000ea480000)
 ParOldGen       total 43008K, used 10512K [0x00000000a1c00000, 0x00000000a4600000, 0x00000000e0980000)
  object space 43008K, 24% used [0x00000000a1c00000,0x00000000a2644370,0x00000000a4600000)
 Metaspace       used 32119K, capacity 34916K, committed 35072K, reserved 1079296K
  class space    used 4313K, capacity 4818K, committed 4864K, reserved 1048576K
}
Event: 10.566 GC heap before
{Heap before GC invocations=10 (full 1):
 PSYoungGen      total 156672K, used 16911K [0x00000000e0980000, 0x00000000ec180000, 0x0000000100000000)
  eden space 147456K, 5% used [0x00000000e0980000,0x00000000e1105218,0x00000000e9980000)
  from space 9216K, 99% used [0x00000000ea480000,0x00000000ead7ebb8,0x00000000ead80000)
  to   space 11264K, 0% used [0x00000000e9980000,0x00000000e9980000,0x00000000ea480000)
 ParOldGen       total 43008K, used 10512K [0x00000000a1c00000, 0x00000000a4600000, 0x00000000e0980000)
  object space 43008K, 24% used [0x00000000a1c00000,0x00000000a2644370,0x00000000a4600000)
 Metaspace       used 32633K, capacity 35449K, committed 35496K, reserved 1079296K
  class space    used 4387K, capacity 4864K, committed 4864K, reserved 1048576K
Event: 10.582 GC heap after
Heap after GC invocations=10 (full 1):
 PSYoungGen      total 158720K, used 8660K [0x00000000e0980000, 0x00000000efa80000, 0x0000000100000000)
  eden space 147456K, 0% used [0x00000000e0980000,0x00000000e0980000,0x00000000e9980000)
  from space 11264K, 76% used [0x00000000e9980000,0x00000000ea1f5030,0x00000000ea480000)
  to   space 11264K, 0% used [0x00000000eef80000,0x00000000eef80000,0x00000000efa80000)
 ParOldGen       total 43008K, used 11413K [0x00000000a1c00000, 0x00000000a4600000, 0x00000000e0980000)
  object space 43008K, 26% used [0x00000000a1c00000,0x00000000a27257e0,0x00000000a4600000)
 Metaspace       used 32633K, capacity 35449K, committed 35496K, reserved 1079296K
  class space    used 4387K, capacity 4864K, committed 4864K, reserved 1048576K
}
Event: 10.582 GC heap before
{Heap before GC invocations=11 (full 2):
 PSYoungGen      total 158720K, used 8660K [0x00000000e0980000, 0x00000000efa80000, 0x0000000100000000)
  eden space 147456K, 0% used [0x00000000e0980000,0x00000000e0980000,0x00000000e9980000)
  from space 11264K, 76% used [0x00000000e9980000,0x00000000ea1f5030,0x00000000ea480000)
  to   space 11264K, 0% used [0x00000000eef80000,0x00000000eef80000,0x00000000efa80000)
 ParOldGen       total 43008K, used 11413K [0x00000000a1c00000, 0x00000000a4600000, 0x00000000e0980000)
  object space 43008K, 26% used [0x00000000a1c00000,0x00000000a27257e0,0x00000000a4600000)
 Metaspace       used 32633K, capacity 35449K, committed 35496K, reserved 1079296K
  class space    used 4387K, capacity 4864K, committed 4864K, reserved 1048576K
Event: 10.651 GC heap after
Heap after GC invocations=11 (full 2):
 PSYoungGen      total 158720K, used 0K [0x00000000e0980000, 0x00000000efa80000, 0x0000000100000000)
  eden space 147456K, 0% used [0x00000000e0980000,0x00000000e0980000,0x00000000e9980000)
  from space 11264K, 0% used [0x00000000e9980000,0x00000000e9980000,0x00000000ea480000)
  to   space 11264K, 0% used [0x00000000eef80000,0x00000000eef80000,0x00000000efa80000)
 ParOldGen       total 56320K, used 14218K [0x00000000a1c00000, 0x00000000a5300000, 0x00000000e0980000)
  object space 56320K, 25% used [0x00000000a1c00000,0x00000000a29e2b40,0x00000000a5300000)
 Metaspace       used 32633K, capacity 35449K, committed 35496K, reserved 1079296K
  class space    used 4387K, capacity 4864K, committed 4864K, reserved 1048576K
}

Deoptimization events (10 events):
Event: 9.193 Thread 0x0000000002fc7800 Uncommon trap: reason=class_check action=maybe_recompile pc=0x0000000003c6c4e0 method=org.springframework.beans.factory.support.AbstractBeanFactory.isTypeMatch(Ljava/lang/String;Lorg/springframework/core/ResolvableType;Z)Z @ 53
Event: 9.194 Thread 0x0000000002fc7800 Uncommon trap: reason=class_check action=maybe_recompile pc=0x0000000003c6c4e0 method=org.springframework.beans.factory.support.AbstractBeanFactory.isTypeMatch(Ljava/lang/String;Lorg/springframework/core/ResolvableType;Z)Z @ 53
Event: 9.334 Thread 0x0000000002fc7800 Uncommon trap: reason=unstable_if action=reinterpret pc=0x00000000037daf00 method=java.io.WinNTFileSystem.prefixLength(Ljava/lang/String;)I @ 42
Event: 9.701 Thread 0x0000000002fc7800 Uncommon trap: reason=unstable_if action=reinterpret pc=0x0000000003c9e158 method=java.lang.Class.searchMethods([Ljava/lang/reflect/Method;Ljava/lang/String;[Ljava/lang/Class;)Ljava/lang/reflect/Method; @ 47
Event: 9.731 Thread 0x0000000002fc7800 Uncommon trap: reason=unstable_if action=reinterpret pc=0x0000000003d1ad64 method=java.util.concurrent.ConcurrentHashMap.putVal(Ljava/lang/Object;Ljava/lang/Object;Z)Ljava/lang/Object; @ 152
Event: 10.226 Thread 0x0000000002fc7800 Uncommon trap: reason=unstable_if action=reinterpret pc=0x00000000036e0a78 method=java.util.concurrent.ConcurrentHashMap.transfer([Ljava/util/concurrent/ConcurrentHashMap$Node;[Ljava/util/concurrent/ConcurrentHashMap$Node;)V @ 356
Event: 10.227 Thread 0x0000000002fc7800 Uncommon trap: reason=unstable_if action=reinterpret pc=0x00000000036b4fe0 method=java.util.concurrent.ConcurrentHashMap.transfer([Ljava/util/concurrent/ConcurrentHashMap$Node;[Ljava/util/concurrent/ConcurrentHashMap$Node;)V @ 356
Event: 10.233 Thread 0x0000000002fc7800 Uncommon trap: reason=unstable_if action=reinterpret pc=0x0000000003d0dd78 method=java.lang.Class$MethodArray.addIfNotPresent(Ljava/lang/reflect/Method;)V @ 19
Event: 10.281 Thread 0x0000000002fc7800 Uncommon trap: reason=unstable_if action=reinterpret pc=0x0000000003a65320 method=java.lang.invoke.MethodType.checkPtypes([Ljava/lang/Class;)I @ 40
Event: 10.741 Thread 0x0000000002fc7800 Uncommon trap: reason=unstable_if action=reinterpret pc=0x000000000339086c method=org.springframework.core.annotation.AnnotationsScanner.isWithoutHierarchy(Ljava/lang/reflect/AnnotatedElement;Lorg/springframework/core/annotation/MergedAnnotations$SearchSt

Classes redefined (0 events):
No events

Internal exceptions (10 events):
Event: 10.938 Thread 0x0000000002fc7800 Exception <a 'java/lang/ClassNotFoundException': org/springframework/beans/factory/InitializingBeanCustomizer> (0x00000000e17ded50) thrown at [C:\re\workspace\8-2-build-windows-amd64-cygwin\jdk8u201\12322\hotspot\src\share\vm\classfile\systemDictionary.cp
Event: 11.033 Thread 0x0000000002fc7800 Exception <a 'java/lang/ClassNotFoundException': org/springframework/web/servlet/HandlerMappingCustomizer> (0x00000000e17f9780) thrown at [C:\re\workspace\8-2-build-windows-amd64-cygwin\jdk8u201\12322\hotspot\src\share\vm\classfile\systemDictionary.cpp, l
Event: 11.037 Thread 0x0000000002fc7800 Exception <a 'java/lang/ClassNotFoundException': org/springframework/core/OrderedCustomizer> (0x00000000e180fe18) thrown at [C:\re\workspace\8-2-build-windows-amd64-cygwin\jdk8u201\12322\hotspot\src\share\vm\classfile\systemDictionary.cpp, line 210]
Event: 11.054 Thread 0x0000000002fc7800 Exception <a 'java/lang/ClassNotFoundException': org/springframework/beans/factory/BeanNameAwareCustomizer> (0x00000000e182ac98) thrown at [C:\re\workspace\8-2-build-windows-amd64-cygwin\jdk8u201\12322\hotspot\src\share\vm\classfile\systemDictionary.cpp, 
Event: 11.058 Thread 0x0000000002fc7800 Exception <a 'java/lang/ClassNotFoundException': org/springframework/beans/factory/AwareCustomizer> (0x00000000e18438c8) thrown at [C:\re\workspace\8-2-build-windows-amd64-cygwin\jdk8u201\12322\hotspot\src\share\vm\classfile\systemDictionary.cpp, line 210
Event: 11.059 Thread 0x0000000002fc7800 Exception <a 'java/lang/ClassNotFoundException': org/springframework/web/context/ServletContextAwareCustomizer> (0x00000000e185f3c0) thrown at [C:\re\workspace\8-2-build-windows-amd64-cygwin\jdk8u201\12322\hotspot\src\share\vm\classfile\systemDictionary.c
Event: 11.062 Thread 0x0000000002fc7800 Exception <a 'java/lang/ClassNotFoundException': org/springframework/beans/factory/AwareCustomizer> (0x00000000e1878080) thrown at [C:\re\workspace\8-2-build-windows-amd64-cygwin\jdk8u201\12322\hotspot\src\share\vm\classfile\systemDictionary.cpp, line 210
Event: 11.063 Thread 0x0000000002fc7800 Exception <a 'java/lang/ClassNotFoundException': org/springframework/context/ApplicationContextAwareCustomizer> (0x00000000e1893b60) thrown at [C:\re\workspace\8-2-build-windows-amd64-cygwin\jdk8u201\12322\hotspot\src\share\vm\classfile\systemDictionary.c
Event: 11.068 Thread 0x0000000002fc7800 Exception <a 'java/lang/ClassNotFoundException': org/springframework/beans/factory/AwareCustomizer> (0x00000000e18acdb8) thrown at [C:\re\workspace\8-2-build-windows-amd64-cygwin\jdk8u201\12322\hotspot\src\share\vm\classfile\systemDictionary.cpp, line 210
Event: 11.076 Thread 0x0000000002fc7800 Exception <a 'java/lang/IncompatibleClassChangeError': Found class java.lang.Object, but interface was expected> (0x00000000e18d4fc8) thrown at [C:\re\workspace\8-2-build-windows-amd64-cygwin\jdk8u201\12322\hotspot\src\share\vm\interpreter\linkResolver.cp

Events (10 events):
Event: 11.224 loading class org/springframework/http/CacheControl
Event: 11.224 loading class org/springframework/http/CacheControl done
Event: 11.225 loading class org/springframework/http/CacheControl
Event: 11.225 loading class org/springframework/http/CacheControl done
Event: 11.227 loading class org/springframework/boot/autoconfigure/web/WebProperties$Resources$Cache$Cachecontrol
Event: 11.227 loading class org/springframework/boot/autoconfigure/web/WebProperties$Resources$Cache$Cachecontrol done
Event: 11.228 loading class org/springframework/http/CacheControl
Event: 11.228 loading class org/springframework/http/CacheControl done
Event: 11.228 loading class org/springframework/http/CacheControl
Event: 11.228 loading class org/springframework/http/CacheControl done


Dynamic libraries:
0x00007ff78dfd0000 - 0x00007ff78e007000 	D:\software\Java\jdk1.8.0_201\bin\java.exe
0x00007ffa5e350000 - 0x00007ffa5e567000 	C:\WINDOWS\SYSTEM32\ntdll.dll
0x00007ffa5cf80000 - 0x00007ffa5d044000 	C:\WINDOWS\System32\KERNEL32.DLL
0x00007ffa5b840000 - 0x00007ffa5bbe7000 	C:\WINDOWS\System32\KERNELBASE.dll
0x00007ffa5d080000 - 0x00007ffa5d130000 	C:\WINDOWS\System32\ADVAPI32.dll
0x00007ffa5c930000 - 0x00007ffa5c9d7000 	C:\WINDOWS\System32\msvcrt.dll
0x00007ffa5c850000 - 0x00007ffa5c8f6000 	C:\WINDOWS\System32\sechost.dll
0x00007ffa5cd00000 - 0x00007ffa5ce17000 	C:\WINDOWS\System32\RPCRT4.dll
0x00007ffa5c9e0000 - 0x00007ffa5cb8e000 	C:\WINDOWS\System32\USER32.dll
0x00007ffa5bd10000 - 0x00007ffa5bd36000 	C:\WINDOWS\System32\win32u.dll
0x00007ffa5c900000 - 0x00007ffa5c929000 	C:\WINDOWS\System32\GDI32.dll
0x00007ffa5bd40000 - 0x00007ffa5be59000 	C:\WINDOWS\System32\gdi32full.dll
0x00007ffa5bee0000 - 0x00007ffa5bf7a000 	C:\WINDOWS\System32\msvcp_win.dll
0x00007ffa5bbf0000 - 0x00007ffa5bd01000 	C:\WINDOWS\System32\ucrtbase.dll
0x00007ffa403e0000 - 0x00007ffa40673000 	C:\WINDOWS\WinSxS\amd64_microsoft.windows.common-controls_6595b64144ccf1df_6.0.22621.2483_none_2714a1b573815e84\COMCTL32.dll
0x00007ffa5c3b0000 - 0x00007ffa5c3e1000 	C:\WINDOWS\System32\IMM32.DLL
0x0000000060860000 - 0x0000000060931000 	D:\software\Java\jdk1.8.0_201\jre\bin\msvcr100.dll
0x000000005ffb0000 - 0x0000000060854000 	D:\software\Java\jdk1.8.0_201\jre\bin\server\jvm.dll
0x00007ffa5c250000 - 0x00007ffa5c258000 	C:\WINDOWS\System32\PSAPI.DLL
0x00007ffa58950000 - 0x00007ffa58959000 	C:\WINDOWS\SYSTEM32\WSOCK32.dll
0x00007ffa5c780000 - 0x00007ffa5c7f1000 	C:\WINDOWS\System32\WS2_32.dll
0x00007ffa52030000 - 0x00007ffa5203a000 	C:\WINDOWS\SYSTEM32\VERSION.dll
0x00007ffa52720000 - 0x00007ffa52754000 	C:\WINDOWS\SYSTEM32\WINMM.dll
0x00007ffa495e0000 - 0x00007ffa495ef000 	D:\software\Java\jdk1.8.0_201\jre\bin\verify.dll
0x00007ffa412c0000 - 0x00007ffa412e9000 	D:\software\Java\jdk1.8.0_201\jre\bin\java.dll
0x00007ffa49960000 - 0x00007ffa49983000 	D:\software\Java\jdk1.8.0_201\jre\bin\instrument.dll
0x00007ffa45700000 - 0x00007ffa45716000 	D:\software\Java\jdk1.8.0_201\jre\bin\zip.dll
0x00007ffa5d130000 - 0x00007ffa5d989000 	C:\WINDOWS\System32\SHELL32.dll
0x00007ffa59570000 - 0x00007ffa59e66000 	C:\WINDOWS\SYSTEM32\windows.storage.dll
0x00007ffa5c3f0000 - 0x00007ffa5c779000 	C:\WINDOWS\System32\combase.dll
0x00007ffa59430000 - 0x00007ffa5956e000 	C:\WINDOWS\SYSTEM32\wintypes.dll
0x00007ffa5ce20000 - 0x00007ffa5cf13000 	C:\WINDOWS\System32\SHCORE.dll
0x00007ffa5cb90000 - 0x00007ffa5cbee000 	C:\WINDOWS\System32\shlwapi.dll
0x00007ffa5b600000 - 0x00007ffa5b626000 	C:\WINDOWS\SYSTEM32\profapi.dll
0x00007ffa49940000 - 0x00007ffa4995a000 	D:\software\jetbrain\IntelliJ IDEA 2023.1\bin\breakgen64.dll
0x00007ffa3cc10000 - 0x00007ffa3cc2a000 	D:\software\Java\jdk1.8.0_201\jre\bin\net.dll
0x00007ffa42a40000 - 0x00007ffa42c30000 	C:\WINDOWS\SYSTEM32\urlmon.dll
0x00007ffa4d070000 - 0x00007ffa4d32c000 	C:\WINDOWS\SYSTEM32\iertutil.dll
0x00007ffa44130000 - 0x00007ffa44158000 	C:\WINDOWS\SYSTEM32\srvcli.dll
0x00007ffa5a1f0000 - 0x00007ffa5a1fc000 	C:\WINDOWS\SYSTEM32\netutils.dll
0x00007ffa5ab50000 - 0x00007ffa5abb9000 	C:\WINDOWS\system32\mswsock.dll
0x00007ffa3b190000 - 0x00007ffa3b1a1000 	D:\software\Java\jdk1.8.0_201\jre\bin\nio.dll
0x00007ffa4baf0000 - 0x00007ffa4bafd000 	D:\software\Java\jdk1.8.0_201\jre\bin\management.dll
0x00007ffa42780000 - 0x00007ffa42797000 	C:\WINDOWS\system32\napinsp.dll
0x00007ffa42690000 - 0x00007ffa426ab000 	C:\WINDOWS\system32\pnrpnsp.dll
0x00007ffa5a0f0000 - 0x00007ffa5a1e9000 	C:\WINDOWS\SYSTEM32\DNSAPI.dll
0x00007ffa5a0c0000 - 0x00007ffa5a0ed000 	C:\WINDOWS\SYSTEM32\IPHLPAPI.DLL
0x00007ffa5cc80000 - 0x00007ffa5cc89000 	C:\WINDOWS\System32\NSI.dll
0x00007ffa42670000 - 0x00007ffa42681000 	C:\WINDOWS\System32\winrnr.dll
0x00007ffa524a0000 - 0x00007ffa524b5000 	C:\WINDOWS\system32\wshbth.dll
0x00007ffa42640000 - 0x00007ffa42661000 	C:\WINDOWS\system32\nlansp_c.dll
0x00007ffa512c0000 - 0x00007ffa512ca000 	C:\Windows\System32\rasadhlp.dll
0x00007ffa4ffd0000 - 0x00007ffa50053000 	C:\WINDOWS\System32\fwpuclnt.dll

VM Arguments:
jvm_args: -ea -Didea.test.cyclic.buffer.size=1048576 -javaagent:D:\software\jetbrain\IntelliJ IDEA 2023.1\lib\idea_rt.jar=53721:D:\software\jetbrain\IntelliJ IDEA 2023.1\bin -Dfile.encoding=UTF-8 
java_command: com.intellij.rt.junit.JUnitStarter -ideVersion5 -junit5 zhang.jie.api.domain.TestData,testCoverClass
java_class_path (initial): C:\Users\zhouhuanping\.m2\repository\org\junit\platform\junit-platform-launcher\1.8.2\junit-platform-launcher-1.8.2.jar;C:\Users\zhouhuanping\.m2\repository\org\junit\platform\junit-platform-engine\1.8.2\junit-platform-engine-1.8.2.jar;C:\Users\zhouhuanping\.m2\repository\org\opentest4j\opentest4j\1.2.0\opentest4j-1.2.0.jar;C:\Users\zhouhuanping\.m2\repository\org\junit\platform\junit-platform-commons\1.8.2\junit-platform-commons-1.8.2.jar;C:\Users\zhouhuanping\.m2\repository\org\apiguardian\apiguardian-api\1.1.2\apiguardian-api-1.1.2.jar;C:\Users\zhouhuanping\.m2\repository\org\junit\vintage\junit-vintage-engine\5.8.2\junit-vintage-engine-5.8.2.jar;D:\software\jetbrain\IntelliJ IDEA 2023.1\lib\idea_rt.jar;D:\software\jetbrain\IntelliJ IDEA 2023.1\plugins\junit\lib\junit5-rt.jar;D:\software\jetbrain\IntelliJ IDEA 2023.1\plugins\junit\lib\junit-rt.jar;D:\software\Java\jdk1.8.0_201\jre\lib\charsets.jar;D:\software\Java\jdk1.8.0_201\jre\lib\deploy.jar;D:\software\Java\jdk1.8.0_201\jre\lib\ext\access-bridge-64.jar;D:\software\Java\jdk1.8.0_201\jre\lib\ext\cldrdata.jar;D:\software\Java\jdk1.8.0_201\jre\lib\ext\dnsns.jar;D:\software\Java\jdk1.8.0_201\jre\lib\ext\jaccess.jar;D:\software\Java\jdk1.8.0_201\jre\lib\ext\jfxrt.jar;D:\software\Java\jdk1.8.0_201\jre\lib\ext\localedata.jar;D:\software\Java\jdk1.8.0_201\jre\lib\ext\nashorn.jar;D:\software\Java\jdk1.8.0_201\jre\lib\ext\sunec.jar;D:\software\Java\jdk1.8.0_201\jre\lib\ext\sunjce_provider.jar;D:\software\Java\jdk1.8.0_201\jre\lib\ext\sunmscapi.jar;D:\software\Java\jdk1.8.0_201\jre\lib\ext\sunpkcs11.jar;D:\software\Java\jdk1.8.0_201\jre\lib\ext\zipfs.jar;D:\software\Java\jdk1.8.0_201\jre\lib\javaws.jar;D:\software\Java\jdk1.8.0_201\jre\lib\jce.jar;D:\software\Java\jdk1.8.0_201\jre\lib\jfr.jar;D:\software\Java\jdk1.8.0_201\jre\lib\jfxswt.jar;D:\software\Java\jdk1.8.0_201\jre\lib\jsse.jar;D:\software\Java\jdk1.8.0_201\jre\lib\management-agent.jar;D:\software\Java\jdk1.8.0_201\jre\lib\plugin.ja
Launcher Type: SUN_STANDARD

Environment Variables:
CLASSPATH=D:\software\Java\jdk1.8.0_201
PATH=C:\WINDOWS\system32;C:\WINDOWS;C:\WINDOWS\System32\Wbem;C:\WINDOWS\System32\WindowsPowerShell\v1.0\;C:\WINDOWS\System32\OpenSSH\;D:\software\Java\jdk1.8.0_201\bin;D:\software\maven\apache-maven-3.5.4-bin\apache-maven-3.5.4\bin;D:\software\mysqlService\bin;D:\software\python\Scripts;D:\software\python;C:\Program Files\Git\cmd;D:\software\ngrok\ngrok-v3-stable-windows-amd64;D:\software\Locyanfrp;C:\Program Files\dotnet\;D:\software\node\;C:\Users\zhouhuanping\AppData\Local\Microsoft\WindowsApps;D:\software\jetbrain\IntelliJ IDEA 2023.1\bin;;D:\software\pycharm-pro\PyCharm 2019.3.5\bin;;;D:\software\webStorm\bin;;C:\Users\zhouhuanping\AppData\Roaming\npm
USERNAME=zhouhuanping
OS=Windows_NT
PROCESSOR_IDENTIFIER=AMD64 Family 23 Model 24 Stepping 1, AuthenticAMD



---------------  S Y S T E M  ---------------

OS: Windows 10.0 , 64 bit Build 22621 (10.0.22621.2700)

CPU:total 8 (initial active 8) (8 cores per cpu, 1 threads per core) family 23 model 24 stepping 1, cmov, cx8, fxsr, mmx, sse, sse2, sse3, ssse3, sse4.1, sse4.2, popcnt, avx, avx2, aes, clmul, mmxext, 3dnowpref, lzcnt, sse4a, tsc, tscinvbit, tscinv, bmi1

Memory: 4k page, physical 6174988k(215532k free), swap 14340220k(9584k free)

vm_info: Java HotSpot(TM) 64-Bit Server VM (25.201-b09) for windows-amd64 JRE (1.8.0_201-b09), built on Dec 15 2018 18:36:39 by "java_re" with MS VC++ 10.0 (VS2010)

time: Mon Apr 08 21:43:43 2024
timezone: 中国标准时间
elapsed time: 11 seconds (0d 0h 0m 11s)

