#
# There is insufficient memory for the Java Runtime Environment to continue.
# Native memory allocation (malloc) failed to allocate 32744 bytes for ChunkPool::allocate
# Possible reasons:
#   The system is out of physical RAM or swap space
#   The process is running with CompressedOops enabled, and the Java Heap may be blocking the growth of the native heap
# Possible solutions:
#   Reduce memory load on the system
#   Increase physical memory or swap space
#   Check if swap backing store is full
#   Decrease Java heap size (-Xmx/-Xms)
#   Decrease number of Java threads
#   Decrease Java thread stack sizes (-Xss)
#   Set larger code cache with -XX:ReservedCodeCacheSize=
#   JVM is running with Unscaled Compressed Oops mode in which the Java heap is
#     placed in the first 4GB address space. The Java Heap base address is the
#     maximum limit for the native heap growth. Please use -XX:HeapBaseMinAddress
#     to set the Java Heap base and to place the Java Heap above 4GB virtual address.
# This output file may be truncated or incomplete.
#
#  Out of Memory Error (arena.cpp:78), pid=19724, tid=17416
#
# JRE version: OpenJDK Runtime Environment JBR-17.0.8.1+7-1000.32-jcef (17.0.8.1+7) (build 17.0.8.1+7-b1000.32)
# Java VM: OpenJDK 64-Bit Server VM JBR-17.0.8.1+7-1000.32-jcef (17.0.8.1+7-b1000.32, mixed mode, tiered, compressed oops, compressed class ptrs, g1 gc, windows-amd64)
# No core dump will be written. Minidumps are not enabled by default on client versions of Windows
#

---------------  S U M M A R Y ------------

Command Line: -Djava.rmi.server.hostname=127.0.0.1 -Duser.timezone=UTC -Xmx1024m -Xms128m -Djna.boot.library.path=D:\software\jetbrain\IntelliJ IDEA 2023.1/lib/jna/amd64 -Djna.nosys=true -Djna.noclasspath=true -Djdbc.classpath=D:\software\jetbrain\IntelliJ IDEA 2023.1\plugins\DatabaseTools\lib\jdbc-console.jar;C:\Users\zhouhuanping\AppData\Roaming\JetBrains\IntelliJIdea2023.2\jdbc-drivers\MySQL ConnectorJ\5.1.47\mysql-connector-java-5.1.47.jar --add-exports=java.desktop/sun.awt=ALL-UNNAMED --add-exports=java.desktop/java.awt.peer=ALL-UNNAMED --add-opens=java.desktop/java.awt=ALL-UNNAMED --add-opens=jdk.unsupported/sun.misc=ALL-UNNAMED --add-opens=java.base/java.nio=ALL-UNNAMED --add-opens=java.base/java.util=ALL-UNNAMED -Dfile.encoding=UTF-8 com.intellij.database.remote.RemoteJdbcServer com.mysql.jdbc.Driver

Host: AMD Ryzen 5 3500U with Radeon Vega Mobile Gfx  , 8 cores, 5G,  Windows 11 , 64 bit Build 22621 (10.0.22621.2700)
Time: Thu Apr 11 16:46:21 2024  Windows 11 , 64 bit Build 22621 (10.0.22621.2700) elapsed time: 4101.136449 seconds (0d 1h 8m 21s)

---------------  T H R E A D  ---------------

Current thread (0x0000022c7d043350):  JavaThread "C2 CompilerThread0" daemon [_thread_in_native, id=17416, stack(0x0000007005800000,0x0000007005900000)]


Current CompileTask:
C2:4101137 2377       4       java.net.Socket$SocketInputStream::read (11 bytes)

Stack: [0x0000007005800000,0x0000007005900000]
Native frames: (J=compiled Java code, j=interpreted, Vv=VM code, C=native code)
V  [jvm.dll+0x6852da]
V  [jvm.dll+0x844c84]
V  [jvm.dll+0x84659e]
V  [jvm.dll+0x846c03]
V  [jvm.dll+0x24b7cf]
V  [jvm.dll+0xac5dc]
V  [jvm.dll+0xac98c]
V  [jvm.dll+0x1ad04a]
V  [jvm.dll+0x346b54]
V  [jvm.dll+0x34c18e]
V  [jvm.dll+0x35003a]
V  [jvm.dll+0x1a9291]
V  [jvm.dll+0x1aa3f6]
V  [jvm.dll+0x2b1f04]
V  [jvm.dll+0x69d6d5]
V  [jvm.dll+0x69569b]
V  [jvm.dll+0x694cd7]
V  [jvm.dll+0x692bc2]
V  [jvm.dll+0x1a982c]
V  [jvm.dll+0x1aa3f6]
V  [jvm.dll+0x2b1f04]
V  [jvm.dll+0x69d6d5]
V  [jvm.dll+0x69569b]
V  [jvm.dll+0x694cd7]
V  [jvm.dll+0x692bc2]
V  [jvm.dll+0x1a982c]
V  [jvm.dll+0x1aa3f6]
V  [jvm.dll+0x2b1f04]
V  [jvm.dll+0x69d6d5]
V  [jvm.dll+0x69569b]
V  [jvm.dll+0x694cd7]
V  [jvm.dll+0x692bc2]
V  [jvm.dll+0x1a982c]
V  [jvm.dll+0x1aa3f6]
V  [jvm.dll+0x1aa3f6]
V  [jvm.dll+0x2b1f04]
V  [jvm.dll+0x69d6d5]
V  [jvm.dll+0x69569b]
V  [jvm.dll+0x694cd7]
V  [jvm.dll+0x692bc2]
V  [jvm.dll+0x1a982c]
V  [jvm.dll+0x21c7d8]
V  [jvm.dll+0x1a660d]
V  [jvm.dll+0x22c9c8]
V  [jvm.dll+0x22a990]
V  [jvm.dll+0x7f9d3c]
V  [jvm.dll+0x7f415a]
V  [jvm.dll+0x684115]
C  [ucrtbase.dll+0x29363]
C  [KERNEL32.DLL+0x1257d]
C  [ntdll.dll+0x5aa58]


---------------  P R O C E S S  ---------------

Threads class SMR info:
_java_thread_list=0x0000022c7e57e870, length=21, elements={
0x0000022c61199ce0, 0x0000022c78c689b0, 0x0000022c78c69570, 0x0000022c7d00c090,
0x0000022c7d00c570, 0x0000022c7d00cf30, 0x0000022c7d00d8f0, 0x0000022c7d043350,
0x0000022c7d043c60, 0x0000022c7d044570, 0x0000022c7d1d4440, 0x0000022c7d1d8990,
0x0000022c7d286e80, 0x0000022c7d5150f0, 0x0000022c7d515d00, 0x0000022c7d4f9b50,
0x0000022c7d4fa030, 0x0000022c7d554180, 0x0000022c7d55b1c0, 0x0000022c7d55b6d0,
0x0000022c7d55bbe0
}

Java Threads: ( => current thread )
  0x0000022c61199ce0 JavaThread "main" [_thread_blocked, id=21408, stack(0x0000007004b00000,0x0000007004c00000)]
  0x0000022c78c689b0 JavaThread "Reference Handler" daemon [_thread_blocked, id=24440, stack(0x0000007005200000,0x0000007005300000)]
  0x0000022c78c69570 JavaThread "Finalizer" daemon [_thread_blocked, id=19616, stack(0x0000007005300000,0x0000007005400000)]
  0x0000022c7d00c090 JavaThread "Signal Dispatcher" daemon [_thread_blocked, id=15180, stack(0x0000007005400000,0x0000007005500000)]
  0x0000022c7d00c570 JavaThread "Attach Listener" daemon [_thread_blocked, id=14684, stack(0x0000007005500000,0x0000007005600000)]
  0x0000022c7d00cf30 JavaThread "Service Thread" daemon [_thread_blocked, id=17364, stack(0x0000007005600000,0x0000007005700000)]
  0x0000022c7d00d8f0 JavaThread "Monitor Deflation Thread" daemon [_thread_blocked, id=25184, stack(0x0000007005700000,0x0000007005800000)]
=>0x0000022c7d043350 JavaThread "C2 CompilerThread0" daemon [_thread_in_native, id=17416, stack(0x0000007005800000,0x0000007005900000)]
  0x0000022c7d043c60 JavaThread "C1 CompilerThread0" daemon [_thread_blocked, id=2352, stack(0x0000007005900000,0x0000007005a00000)]
  0x0000022c7d044570 JavaThread "Sweeper thread" daemon [_thread_blocked, id=18360, stack(0x0000007005a00000,0x0000007005b00000)]
  0x0000022c7d1d4440 JavaThread "Common-Cleaner" daemon [_thread_blocked, id=17316, stack(0x0000007005b00000,0x0000007005c00000)]
  0x0000022c7d1d8990 JavaThread "Notification Thread" daemon [_thread_blocked, id=21808, stack(0x0000007005c00000,0x0000007005d00000)]
  0x0000022c7d286e80 JavaThread "Abandoned connection cleanup thread" daemon [_thread_blocked, id=21320, stack(0x0000007005e00000,0x0000007005f00000)]
  0x0000022c7d5150f0 JavaThread "RMI TCP Accept-48725" daemon [_thread_in_native, id=424, stack(0x0000007005f00000,0x0000007006000000)]
  0x0000022c7d515d00 JavaThread "RMI TCP Accept-0" daemon [_thread_in_native, id=8176, stack(0x0000007006000000,0x0000007006100000)]
  0x0000022c7d4f9b50 JavaThread "RMI Reaper" [_thread_blocked, id=15052, stack(0x0000007006100000,0x0000007006200000)]
  0x0000022c7d4fa030 JavaThread "RMI GC Daemon" daemon [_thread_blocked, id=18976, stack(0x0000007006200000,0x0000007006300000)]
  0x0000022c7d554180 JavaThread "RMI TCP Connection(2)-127.0.0.1" daemon [_thread_in_native, id=672, stack(0x0000007006400000,0x0000007006500000)]
  0x0000022c7d55b1c0 JavaThread "RMI TCP Connection(3)-127.0.0.1" daemon [_thread_in_native, id=6384, stack(0x0000007006500000,0x0000007006600000)]
  0x0000022c7d55b6d0 JavaThread "RMI Scheduler(0)" daemon [_thread_blocked, id=19248, stack(0x0000007006600000,0x0000007006700000)]
  0x0000022c7d55bbe0 JavaThread "RMI RenewClean-[127.0.0.1:50138]" daemon [_thread_blocked, id=17188, stack(0x0000007006800000,0x0000007006900000)]

Other Threads:
  0x0000022c78c90030 VMThread "VM Thread" [stack: 0x0000007005100000,0x0000007005200000] [id=12324]
  0x0000022c7d1ac050 WatcherThread [stack: 0x0000007005d00000,0x0000007005e00000] [id=1640]
  0x0000022c611d82e0 GCTaskThread "GC Thread#0" [stack: 0x0000007004c00000,0x0000007004d00000] [id=24960]
  0x0000022c7d862040 GCTaskThread "GC Thread#1" [stack: 0x0000007006900000,0x0000007006a00000] [id=15608]
  0x0000022c7d862300 GCTaskThread "GC Thread#2" [stack: 0x0000007006a00000,0x0000007006b00000] [id=8844]
  0x0000022c7d8625c0 GCTaskThread "GC Thread#3" [stack: 0x0000007006b00000,0x0000007006c00000] [id=20752]
  0x0000022c7e06a320 GCTaskThread "GC Thread#4" [stack: 0x0000007006c00000,0x0000007006d00000] [id=17376]
  0x0000022c7e542870 GCTaskThread "GC Thread#5" [stack: 0x0000007006d00000,0x0000007006e00000] [id=18612]
  0x0000022c7e00afc0 GCTaskThread "GC Thread#6" [stack: 0x0000007006e00000,0x0000007006f00000] [id=18292]
  0x0000022c7d8e4460 GCTaskThread "GC Thread#7" [stack: 0x0000007006f00000,0x0000007007000000] [id=14760]
  0x0000022c611e10d0 ConcurrentGCThread "G1 Main Marker" [stack: 0x0000007004d00000,0x0000007004e00000] [id=19676]
  0x0000022c611e3130 ConcurrentGCThread "G1 Conc#0" [stack: 0x0000007004e00000,0x0000007004f00000] [id=14452]
  0x0000022c78ae00a0 ConcurrentGCThread "G1 Refine#0" [stack: 0x0000007004f00000,0x0000007005000000] [id=16144]
  0x0000022c7d80dd70 ConcurrentGCThread "G1 Refine#1" [stack: 0x0000007007000000,0x0000007007100000] [id=3260]
  0x0000022c78ae0970 ConcurrentGCThread "G1 Service" [stack: 0x0000007005000000,0x0000007005100000] [id=18304]

Threads with active compile tasks:
C2 CompilerThread0  4101564 2377       4       java.net.Socket$SocketInputStream::read (11 bytes)

VM state: not at safepoint (normal execution)

VM Mutex/Monitor currently owned by a thread: None

Heap address: 0x00000000c0000000, size: 1024 MB, Compressed Oops mode: 32-bit

CDS archive(s) not mapped
Compressed class space mapped at: 0x0000000100000000-0x0000000140000000, reserved size: 1073741824
Narrow klass base: 0x0000000000000000, Narrow klass shift: 3, Narrow klass range: 0x140000000

GC Precious Log:
 CPUs: 8 total, 8 available
 Memory: 6030M
 Large Page Support: Disabled
 NUMA Support: Disabled
 Compressed Oops: Enabled (32-bit)
 Heap Region Size: 1M
 Heap Min Capacity: 128M
 Heap Initial Capacity: 128M
 Heap Max Capacity: 1G
 Pre-touch: Disabled
 Parallel Workers: 8
 Concurrent Workers: 2
 Concurrent Refinement Workers: 8
 Periodic GC: Disabled

Heap:
 garbage-first heap   total 131072K, used 11036K [0x00000000c0000000, 0x0000000100000000)
  region size 1024K, 3 young (3072K), 0 survivors (0K)
 Metaspace       used 19674K, committed 20352K, reserved 1114112K
  class space    used 1896K, committed 2112K, reserved 1048576K

Heap Regions: E=young(eden), S=young(survivor), O=old, HS=humongous(starts), HC=humongous(continues), CS=collection set, F=free, OA=open archive, CA=closed archive, TAMS=top-at-mark-start (previous, next)
|   0|0x00000000c0000000, 0x00000000c0100000, 0x00000000c0100000|100%|HS|  |TAMS 0x00000000c0100000, 0x00000000c0000000| Untracked 
|   1|0x00000000c0100000, 0x00000000c0200000, 0x00000000c0200000|100%|HC|  |TAMS 0x00000000c0200000, 0x00000000c0100000| Untracked 
|   2|0x00000000c0200000, 0x00000000c0300000, 0x00000000c0300000|100%|HC|  |TAMS 0x00000000c0300000, 0x00000000c0200000| Untracked 
|   3|0x00000000c0300000, 0x00000000c0400000, 0x00000000c0400000|100%|HS|  |TAMS 0x00000000c0400000, 0x00000000c0300000| Untracked 
|   4|0x00000000c0400000, 0x00000000c04fffe0, 0x00000000c0500000| 99%| O|  |TAMS 0x00000000c0400000, 0x00000000c0400000| Untracked 
|   5|0x00000000c0500000, 0x00000000c05fac98, 0x00000000c0600000| 97%| O|  |TAMS 0x00000000c0500000, 0x00000000c0500000| Untracked 
|   6|0x00000000c0600000, 0x00000000c06edc78, 0x00000000c0700000| 92%| O|  |TAMS 0x00000000c0600000, 0x00000000c0600000| Untracked 
|   7|0x00000000c0700000, 0x00000000c07c0640, 0x00000000c0800000| 75%| O|  |TAMS 0x00000000c0700000, 0x00000000c0700000| Untracked 
|   8|0x00000000c0800000, 0x00000000c08fffa0, 0x00000000c0900000| 99%| O|  |TAMS 0x00000000c0800000, 0x00000000c0800000| Untracked 
|   9|0x00000000c0900000, 0x00000000c090f6c8, 0x00000000c0a00000|  6%| O|  |TAMS 0x00000000c0900000, 0x00000000c0900000| Untracked 
|  10|0x00000000c0a00000, 0x00000000c0a00000, 0x00000000c0b00000|  0%| F|  |TAMS 0x00000000c0a00000, 0x00000000c0a00000| Untracked 
|  11|0x00000000c0b00000, 0x00000000c0b0ec38, 0x00000000c0c00000|  5%| O|  |TAMS 0x00000000c0b00000, 0x00000000c0b00000| Untracked 
|  12|0x00000000c0c00000, 0x00000000c0c00000, 0x00000000c0d00000|  0%| F|  |TAMS 0x00000000c0c00000, 0x00000000c0c00000| Untracked 
|  13|0x00000000c0d00000, 0x00000000c0d00000, 0x00000000c0e00000|  0%| F|  |TAMS 0x00000000c0d00000, 0x00000000c0d00000| Untracked 
|  14|0x00000000c0e00000, 0x00000000c0e00000, 0x00000000c0f00000|  0%| F|  |TAMS 0x00000000c0e00000, 0x00000000c0e00000| Untracked 
|  15|0x00000000c0f00000, 0x00000000c0f00000, 0x00000000c1000000|  0%| F|  |TAMS 0x00000000c0f00000, 0x00000000c0f00000| Untracked 
|  16|0x00000000c1000000, 0x00000000c1000000, 0x00000000c1100000|  0%| F|  |TAMS 0x00000000c1000000, 0x00000000c1000000| Untracked 
|  17|0x00000000c1100000, 0x00000000c1100000, 0x00000000c1200000|  0%| F|  |TAMS 0x00000000c1100000, 0x00000000c1100000| Untracked 
|  18|0x00000000c1200000, 0x00000000c1200000, 0x00000000c1300000|  0%| F|  |TAMS 0x00000000c1200000, 0x00000000c1200000| Untracked 
|  19|0x00000000c1300000, 0x00000000c1300000, 0x00000000c1400000|  0%| F|  |TAMS 0x00000000c1300000, 0x00000000c1300000| Untracked 
|  20|0x00000000c1400000, 0x00000000c1400000, 0x00000000c1500000|  0%| F|  |TAMS 0x00000000c1400000, 0x00000000c1400000| Untracked 
|  21|0x00000000c1500000, 0x00000000c1500000, 0x00000000c1600000|  0%| F|  |TAMS 0x00000000c1500000, 0x00000000c1500000| Untracked 
|  22|0x00000000c1600000, 0x00000000c1600000, 0x00000000c1700000|  0%| F|  |TAMS 0x00000000c1600000, 0x00000000c1600000| Untracked 
|  23|0x00000000c1700000, 0x00000000c1700000, 0x00000000c1800000|  0%| F|  |TAMS 0x00000000c1700000, 0x00000000c1700000| Untracked 
|  24|0x00000000c1800000, 0x00000000c1800000, 0x00000000c1900000|  0%| F|  |TAMS 0x00000000c1800000, 0x00000000c1800000| Untracked 
|  25|0x00000000c1900000, 0x00000000c1900000, 0x00000000c1a00000|  0%| F|  |TAMS 0x00000000c1900000, 0x00000000c1900000| Untracked 
|  26|0x00000000c1a00000, 0x00000000c1a00000, 0x00000000c1b00000|  0%| F|  |TAMS 0x00000000c1a00000, 0x00000000c1a00000| Untracked 
|  27|0x00000000c1b00000, 0x00000000c1b00000, 0x00000000c1c00000|  0%| F|  |TAMS 0x00000000c1b00000, 0x00000000c1b00000| Untracked 
|  28|0x00000000c1c00000, 0x00000000c1c00000, 0x00000000c1d00000|  0%| F|  |TAMS 0x00000000c1c00000, 0x00000000c1c00000| Untracked 
|  29|0x00000000c1d00000, 0x00000000c1d00000, 0x00000000c1e00000|  0%| F|  |TAMS 0x00000000c1d00000, 0x00000000c1d00000| Untracked 
|  30|0x00000000c1e00000, 0x00000000c1e00000, 0x00000000c1f00000|  0%| F|  |TAMS 0x00000000c1e00000, 0x00000000c1e00000| Untracked 
|  31|0x00000000c1f00000, 0x00000000c1f00000, 0x00000000c2000000|  0%| F|  |TAMS 0x00000000c1f00000, 0x00000000c1f00000| Untracked 
|  32|0x00000000c2000000, 0x00000000c2000000, 0x00000000c2100000|  0%| F|  |TAMS 0x00000000c2000000, 0x00000000c2000000| Untracked 
|  33|0x00000000c2100000, 0x00000000c2100000, 0x00000000c2200000|  0%| F|  |TAMS 0x00000000c2100000, 0x00000000c2100000| Untracked 
|  34|0x00000000c2200000, 0x00000000c2200000, 0x00000000c2300000|  0%| F|  |TAMS 0x00000000c2200000, 0x00000000c2200000| Untracked 
|  35|0x00000000c2300000, 0x00000000c2300000, 0x00000000c2400000|  0%| F|  |TAMS 0x00000000c2300000, 0x00000000c2300000| Untracked 
|  36|0x00000000c2400000, 0x00000000c2400000, 0x00000000c2500000|  0%| F|  |TAMS 0x00000000c2400000, 0x00000000c2400000| Untracked 
|  37|0x00000000c2500000, 0x00000000c2500000, 0x00000000c2600000|  0%| F|  |TAMS 0x00000000c2500000, 0x00000000c2500000| Untracked 
|  38|0x00000000c2600000, 0x00000000c2600000, 0x00000000c2700000|  0%| F|  |TAMS 0x00000000c2600000, 0x00000000c2600000| Untracked 
|  39|0x00000000c2700000, 0x00000000c2700000, 0x00000000c2800000|  0%| F|  |TAMS 0x00000000c2700000, 0x00000000c2700000| Untracked 
|  40|0x00000000c2800000, 0x00000000c2800000, 0x00000000c2900000|  0%| F|  |TAMS 0x00000000c2800000, 0x00000000c2800000| Untracked 
|  41|0x00000000c2900000, 0x00000000c2900000, 0x00000000c2a00000|  0%| F|  |TAMS 0x00000000c2900000, 0x00000000c2900000| Untracked 
|  42|0x00000000c2a00000, 0x00000000c2a00000, 0x00000000c2b00000|  0%| F|  |TAMS 0x00000000c2a00000, 0x00000000c2a00000| Untracked 
|  43|0x00000000c2b00000, 0x00000000c2b00000, 0x00000000c2c00000|  0%| F|  |TAMS 0x00000000c2b00000, 0x00000000c2b00000| Untracked 
|  44|0x00000000c2c00000, 0x00000000c2c00000, 0x00000000c2d00000|  0%| F|  |TAMS 0x00000000c2c00000, 0x00000000c2c00000| Untracked 
|  45|0x00000000c2d00000, 0x00000000c2d00000, 0x00000000c2e00000|  0%| F|  |TAMS 0x00000000c2d00000, 0x00000000c2d00000| Untracked 
|  46|0x00000000c2e00000, 0x00000000c2e00000, 0x00000000c2f00000|  0%| F|  |TAMS 0x00000000c2e00000, 0x00000000c2e00000| Untracked 
|  47|0x00000000c2f00000, 0x00000000c2f00000, 0x00000000c3000000|  0%| F|  |TAMS 0x00000000c2f00000, 0x00000000c2f00000| Untracked 
|  48|0x00000000c3000000, 0x00000000c3000000, 0x00000000c3100000|  0%| F|  |TAMS 0x00000000c3000000, 0x00000000c3000000| Untracked 
|  49|0x00000000c3100000, 0x00000000c3100000, 0x00000000c3200000|  0%| F|  |TAMS 0x00000000c3100000, 0x00000000c3100000| Untracked 
|  50|0x00000000c3200000, 0x00000000c3200000, 0x00000000c3300000|  0%| F|  |TAMS 0x00000000c3200000, 0x00000000c3200000| Untracked 
|  51|0x00000000c3300000, 0x00000000c3300000, 0x00000000c3400000|  0%| F|  |TAMS 0x00000000c3300000, 0x00000000c3300000| Untracked 
|  52|0x00000000c3400000, 0x00000000c3400000, 0x00000000c3500000|  0%| F|  |TAMS 0x00000000c3400000, 0x00000000c3400000| Untracked 
|  53|0x00000000c3500000, 0x00000000c3500000, 0x00000000c3600000|  0%| F|  |TAMS 0x00000000c3500000, 0x00000000c3500000| Untracked 
|  54|0x00000000c3600000, 0x00000000c3600000, 0x00000000c3700000|  0%| F|  |TAMS 0x00000000c3600000, 0x00000000c3600000| Untracked 
|  55|0x00000000c3700000, 0x00000000c3700000, 0x00000000c3800000|  0%| F|  |TAMS 0x00000000c3700000, 0x00000000c3700000| Untracked 
|  56|0x00000000c3800000, 0x00000000c3800000, 0x00000000c3900000|  0%| F|  |TAMS 0x00000000c3800000, 0x00000000c3800000| Untracked 
|  57|0x00000000c3900000, 0x00000000c3900000, 0x00000000c3a00000|  0%| F|  |TAMS 0x00000000c3900000, 0x00000000c3900000| Untracked 
|  58|0x00000000c3a00000, 0x00000000c3a00000, 0x00000000c3b00000|  0%| F|  |TAMS 0x00000000c3a00000, 0x00000000c3a00000| Untracked 
|  59|0x00000000c3b00000, 0x00000000c3b00000, 0x00000000c3c00000|  0%| F|  |TAMS 0x00000000c3b00000, 0x00000000c3b00000| Untracked 
|  60|0x00000000c3c00000, 0x00000000c3c00000, 0x00000000c3d00000|  0%| F|  |TAMS 0x00000000c3c00000, 0x00000000c3c00000| Untracked 
|  61|0x00000000c3d00000, 0x00000000c3d00000, 0x00000000c3e00000|  0%| F|  |TAMS 0x00000000c3d00000, 0x00000000c3d00000| Untracked 
|  62|0x00000000c3e00000, 0x00000000c3e00000, 0x00000000c3f00000|  0%| F|  |TAMS 0x00000000c3e00000, 0x00000000c3e00000| Untracked 
|  63|0x00000000c3f00000, 0x00000000c3f00000, 0x00000000c4000000|  0%| F|  |TAMS 0x00000000c3f00000, 0x00000000c3f00000| Untracked 
|  64|0x00000000c4000000, 0x00000000c4000000, 0x00000000c4100000|  0%| F|  |TAMS 0x00000000c4000000, 0x00000000c4000000| Untracked 
|  65|0x00000000c4100000, 0x00000000c4100000, 0x00000000c4200000|  0%| F|  |TAMS 0x00000000c4100000, 0x00000000c4100000| Untracked 
|  66|0x00000000c4200000, 0x00000000c4200000, 0x00000000c4300000|  0%| F|  |TAMS 0x00000000c4200000, 0x00000000c4200000| Untracked 
|  67|0x00000000c4300000, 0x00000000c4300000, 0x00000000c4400000|  0%| F|  |TAMS 0x00000000c4300000, 0x00000000c4300000| Untracked 
|  68|0x00000000c4400000, 0x00000000c4400000, 0x00000000c4500000|  0%| F|  |TAMS 0x00000000c4400000, 0x00000000c4400000| Untracked 
|  69|0x00000000c4500000, 0x00000000c4500000, 0x00000000c4600000|  0%| F|  |TAMS 0x00000000c4500000, 0x00000000c4500000| Untracked 
|  70|0x00000000c4600000, 0x00000000c4600000, 0x00000000c4700000|  0%| F|  |TAMS 0x00000000c4600000, 0x00000000c4600000| Untracked 
|  71|0x00000000c4700000, 0x00000000c4700000, 0x00000000c4800000|  0%| F|  |TAMS 0x00000000c4700000, 0x00000000c4700000| Untracked 
|  72|0x00000000c4800000, 0x00000000c4800000, 0x00000000c4900000|  0%| F|  |TAMS 0x00000000c4800000, 0x00000000c4800000| Untracked 
|  73|0x00000000c4900000, 0x00000000c4900000, 0x00000000c4a00000|  0%| F|  |TAMS 0x00000000c4900000, 0x00000000c4900000| Untracked 
|  74|0x00000000c4a00000, 0x00000000c4a00000, 0x00000000c4b00000|  0%| F|  |TAMS 0x00000000c4a00000, 0x00000000c4a00000| Untracked 
|  75|0x00000000c4b00000, 0x00000000c4b00000, 0x00000000c4c00000|  0%| F|  |TAMS 0x00000000c4b00000, 0x00000000c4b00000| Untracked 
|  76|0x00000000c4c00000, 0x00000000c4c00000, 0x00000000c4d00000|  0%| F|  |TAMS 0x00000000c4c00000, 0x00000000c4c00000| Untracked 
|  77|0x00000000c4d00000, 0x00000000c4d00000, 0x00000000c4e00000|  0%| F|  |TAMS 0x00000000c4d00000, 0x00000000c4d00000| Untracked 
|  78|0x00000000c4e00000, 0x00000000c4e00000, 0x00000000c4f00000|  0%| F|  |TAMS 0x00000000c4e00000, 0x00000000c4e00000| Untracked 
|  79|0x00000000c4f00000, 0x00000000c4f00000, 0x00000000c5000000|  0%| F|  |TAMS 0x00000000c4f00000, 0x00000000c4f00000| Untracked 
|  80|0x00000000c5000000, 0x00000000c5000000, 0x00000000c5100000|  0%| F|  |TAMS 0x00000000c5000000, 0x00000000c5000000| Untracked 
|  81|0x00000000c5100000, 0x00000000c5100000, 0x00000000c5200000|  0%| F|  |TAMS 0x00000000c5100000, 0x00000000c5100000| Untracked 
|  82|0x00000000c5200000, 0x00000000c5200000, 0x00000000c5300000|  0%| F|  |TAMS 0x00000000c5200000, 0x00000000c5200000| Untracked 
|  83|0x00000000c5300000, 0x00000000c5300000, 0x00000000c5400000|  0%| F|  |TAMS 0x00000000c5300000, 0x00000000c5300000| Untracked 
|  84|0x00000000c5400000, 0x00000000c5400000, 0x00000000c5500000|  0%| F|  |TAMS 0x00000000c5400000, 0x00000000c5400000| Untracked 
|  85|0x00000000c5500000, 0x00000000c5500000, 0x00000000c5600000|  0%| F|  |TAMS 0x00000000c5500000, 0x00000000c5500000| Untracked 
|  86|0x00000000c5600000, 0x00000000c5600000, 0x00000000c5700000|  0%| F|  |TAMS 0x00000000c5600000, 0x00000000c5600000| Untracked 
|  87|0x00000000c5700000, 0x00000000c5700000, 0x00000000c5800000|  0%| F|  |TAMS 0x00000000c5700000, 0x00000000c5700000| Untracked 
|  88|0x00000000c5800000, 0x00000000c5800000, 0x00000000c5900000|  0%| F|  |TAMS 0x00000000c5800000, 0x00000000c5800000| Untracked 
|  89|0x00000000c5900000, 0x00000000c5900000, 0x00000000c5a00000|  0%| F|  |TAMS 0x00000000c5900000, 0x00000000c5900000| Untracked 
|  90|0x00000000c5a00000, 0x00000000c5a00000, 0x00000000c5b00000|  0%| F|  |TAMS 0x00000000c5a00000, 0x00000000c5a00000| Untracked 
|  91|0x00000000c5b00000, 0x00000000c5b00000, 0x00000000c5c00000|  0%| F|  |TAMS 0x00000000c5b00000, 0x00000000c5b00000| Untracked 
|  92|0x00000000c5c00000, 0x00000000c5c00000, 0x00000000c5d00000|  0%| F|  |TAMS 0x00000000c5c00000, 0x00000000c5c00000| Untracked 
|  93|0x00000000c5d00000, 0x00000000c5d00000, 0x00000000c5e00000|  0%| F|  |TAMS 0x00000000c5d00000, 0x00000000c5d00000| Untracked 
|  94|0x00000000c5e00000, 0x00000000c5e00000, 0x00000000c5f00000|  0%| F|  |TAMS 0x00000000c5e00000, 0x00000000c5e00000| Untracked 
|  95|0x00000000c5f00000, 0x00000000c5f00000, 0x00000000c6000000|  0%| F|  |TAMS 0x00000000c5f00000, 0x00000000c5f00000| Untracked 
|  96|0x00000000c6000000, 0x00000000c6000000, 0x00000000c6100000|  0%| F|  |TAMS 0x00000000c6000000, 0x00000000c6000000| Untracked 
|  97|0x00000000c6100000, 0x00000000c6100000, 0x00000000c6200000|  0%| F|  |TAMS 0x00000000c6100000, 0x00000000c6100000| Untracked 
|  98|0x00000000c6200000, 0x00000000c6200000, 0x00000000c6300000|  0%| F|  |TAMS 0x00000000c6200000, 0x00000000c6200000| Untracked 
|  99|0x00000000c6300000, 0x00000000c6300000, 0x00000000c6400000|  0%| F|  |TAMS 0x00000000c6300000, 0x00000000c6300000| Untracked 
| 100|0x00000000c6400000, 0x00000000c6400000, 0x00000000c6500000|  0%| F|  |TAMS 0x00000000c6400000, 0x00000000c6400000| Untracked 
| 101|0x00000000c6500000, 0x00000000c6500000, 0x00000000c6600000|  0%| F|  |TAMS 0x00000000c6500000, 0x00000000c6500000| Untracked 
| 102|0x00000000c6600000, 0x00000000c6600000, 0x00000000c6700000|  0%| F|  |TAMS 0x00000000c6600000, 0x00000000c6600000| Untracked 
| 103|0x00000000c6700000, 0x00000000c6700000, 0x00000000c6800000|  0%| F|  |TAMS 0x00000000c6700000, 0x00000000c6700000| Untracked 
| 104|0x00000000c6800000, 0x00000000c6800000, 0x00000000c6900000|  0%| F|  |TAMS 0x00000000c6800000, 0x00000000c6800000| Untracked 
| 105|0x00000000c6900000, 0x00000000c6900000, 0x00000000c6a00000|  0%| F|  |TAMS 0x00000000c6900000, 0x00000000c6900000| Untracked 
| 106|0x00000000c6a00000, 0x00000000c6a00000, 0x00000000c6b00000|  0%| F|  |TAMS 0x00000000c6a00000, 0x00000000c6a00000| Untracked 
| 107|0x00000000c6b00000, 0x00000000c6b00000, 0x00000000c6c00000|  0%| F|  |TAMS 0x00000000c6b00000, 0x00000000c6b00000| Untracked 
| 108|0x00000000c6c00000, 0x00000000c6c00000, 0x00000000c6d00000|  0%| F|  |TAMS 0x00000000c6c00000, 0x00000000c6c00000| Untracked 
| 109|0x00000000c6d00000, 0x00000000c6d00000, 0x00000000c6e00000|  0%| F|  |TAMS 0x00000000c6d00000, 0x00000000c6d00000| Untracked 
| 110|0x00000000c6e00000, 0x00000000c6e00000, 0x00000000c6f00000|  0%| F|  |TAMS 0x00000000c6e00000, 0x00000000c6e00000| Untracked 
| 111|0x00000000c6f00000, 0x00000000c6f00000, 0x00000000c7000000|  0%| F|  |TAMS 0x00000000c6f00000, 0x00000000c6f00000| Untracked 
| 112|0x00000000c7000000, 0x00000000c7000000, 0x00000000c7100000|  0%| F|  |TAMS 0x00000000c7000000, 0x00000000c7000000| Untracked 
| 113|0x00000000c7100000, 0x00000000c7100000, 0x00000000c7200000|  0%| F|  |TAMS 0x00000000c7100000, 0x00000000c7100000| Untracked 
| 114|0x00000000c7200000, 0x00000000c7200000, 0x00000000c7300000|  0%| F|  |TAMS 0x00000000c7200000, 0x00000000c7200000| Untracked 
| 115|0x00000000c7300000, 0x00000000c7300000, 0x00000000c7400000|  0%| F|  |TAMS 0x00000000c7300000, 0x00000000c7300000| Untracked 
| 116|0x00000000c7400000, 0x00000000c7400000, 0x00000000c7500000|  0%| F|  |TAMS 0x00000000c7400000, 0x00000000c7400000| Untracked 
| 117|0x00000000c7500000, 0x00000000c7500000, 0x00000000c7600000|  0%| F|  |TAMS 0x00000000c7500000, 0x00000000c7500000| Untracked 
| 118|0x00000000c7600000, 0x00000000c7600000, 0x00000000c7700000|  0%| F|  |TAMS 0x00000000c7600000, 0x00000000c7600000| Untracked 
| 119|0x00000000c7700000, 0x00000000c7700000, 0x00000000c7800000|  0%| F|  |TAMS 0x00000000c7700000, 0x00000000c7700000| Untracked 
| 120|0x00000000c7800000, 0x00000000c7800000, 0x00000000c7900000|  0%| F|  |TAMS 0x00000000c7800000, 0x00000000c7800000| Untracked 
| 121|0x00000000c7900000, 0x00000000c7900000, 0x00000000c7a00000|  0%| F|  |TAMS 0x00000000c7900000, 0x00000000c7900000| Untracked 
| 122|0x00000000c7a00000, 0x00000000c7a00000, 0x00000000c7b00000|  0%| F|  |TAMS 0x00000000c7a00000, 0x00000000c7a00000| Untracked 
| 123|0x00000000c7b00000, 0x00000000c7b00000, 0x00000000c7c00000|  0%| F|  |TAMS 0x00000000c7b00000, 0x00000000c7b00000| Untracked 
| 124|0x00000000c7c00000, 0x00000000c7c00000, 0x00000000c7d00000|  0%| F|  |TAMS 0x00000000c7c00000, 0x00000000c7c00000| Untracked 
| 125|0x00000000c7d00000, 0x00000000c7df5918, 0x00000000c7e00000| 95%| E|  |TAMS 0x00000000c7d00000, 0x00000000c7d00000| Complete 
| 126|0x00000000c7e00000, 0x00000000c7f00000, 0x00000000c7f00000|100%| E|CS|TAMS 0x00000000c7e00000, 0x00000000c7e00000| Complete 
| 127|0x00000000c7f00000, 0x00000000c8000000, 0x00000000c8000000|100%| E|CS|TAMS 0x00000000c7f00000, 0x00000000c7f00000| Complete 

Card table byte_map: [0x0000022c73e30000,0x0000022c74030000] _byte_map_base: 0x0000022c73830000

Marking Bits (Prev, Next): (CMBitMap*) 0x0000022c611d87e0, (CMBitMap*) 0x0000022c611d87a0
 Prev Bits: [0x0000022c75230000, 0x0000022c76230000)
 Next Bits: [0x0000022c74230000, 0x0000022c75230000)

Polling page: 0x0000022c5f0c0000

Metaspace:

Usage:
  Non-class:     17.36 MB used.
      Class:      1.85 MB used.
       Both:     19.21 MB used.

Virtual space:
  Non-class space:       64.00 MB reserved,      17.81 MB ( 28%) committed,  1 nodes.
      Class space:        1.00 GB reserved,       2.06 MB ( <1%) committed,  1 nodes.
             Both:        1.06 GB reserved,      19.88 MB (  2%) committed. 

Chunk freelists:
   Non-Class:  14.14 MB
       Class:  13.99 MB
        Both:  28.13 MB

MaxMetaspaceSize: unlimited
CompressedClassSpaceSize: 1.00 GB
Initial GC threshold: 21.00 MB
Current GC threshold: 33.12 MB
CDS: off
MetaspaceReclaimPolicy: balanced
 - commit_granule_bytes: 65536.
 - commit_granule_words: 8192.
 - virtual_space_node_default_size: 8388608.
 - enlarge_chunks_in_place: 1.
 - new_chunks_are_fully_committed: 0.
 - uncommit_free_chunks: 1.
 - use_allocation_guard: 0.
 - handle_deallocations: 1.


Internal statistics:

num_allocs_failed_limit: 0.
num_arena_births: 408.
num_arena_deaths: 222.
num_vsnodes_births: 2.
num_vsnodes_deaths: 0.
num_space_committed: 318.
num_space_uncommitted: 0.
num_chunks_returned_to_freelist: 306.
num_chunks_taken_from_freelist: 829.
num_chunk_merges: 99.
num_chunk_splits: 469.
num_chunks_enlarged: 198.
num_inconsistent_stats: 0.

CodeHeap 'non-profiled nmethods': size=120000Kb used=1018Kb max_used=1018Kb free=118981Kb
 bounds [0x0000022c6c3d0000, 0x0000022c6c640000, 0x0000022c73900000]
CodeHeap 'profiled nmethods': size=120000Kb used=4874Kb max_used=4874Kb free=115125Kb
 bounds [0x0000022c64900000, 0x0000022c64dd0000, 0x0000022c6be30000]
CodeHeap 'non-nmethods': size=5760Kb used=1223Kb max_used=1283Kb free=4536Kb
 bounds [0x0000022c6be30000, 0x0000022c6c0a0000, 0x0000022c6c3d0000]
 total_blobs=2896 nmethods=2366 adapters=442
 compilation: enabled
              stopped_count=0, restarted_count=0
 full_count=0

Compilation events (20 events):
Event: 3643.512 Thread 0x0000022c7d043c60 2367       3       java.lang.ClassValue::get (31 bytes)
Event: 3643.512 Thread 0x0000022c7d043350 nmethod 2366 0x0000022c6c4cd910 code [0x0000022c6c4cda80, 0x0000022c6c4cdaf8]
Event: 3643.512 Thread 0x0000022c7d043350 2368       4       java.lang.ClassValue::getCacheCarefully (20 bytes)
Event: 3643.513 Thread 0x0000022c7d043c60 nmethod 2367 0x0000022c64db6c90 code [0x0000022c64db6ec0, 0x0000022c64db77d8]
Event: 3643.516 Thread 0x0000022c7d043350 nmethod 2368 0x0000022c6c4cdc10 code [0x0000022c6c4cdd80, 0x0000022c6c4cddf8]
Event: 3666.341 Thread 0x0000022c7d043c60 2369   !   3       java.io.ObjectOutputStream::writeObject0 (620 bytes)
Event: 3666.349 Thread 0x0000022c7d043c60 nmethod 2369 0x0000022c64db7b90 code [0x0000022c64db8240, 0x0000022c64dbbd38]
Event: 3688.785 Thread 0x0000022c7d043350 2370       4       java.util.concurrent.ScheduledThreadPoolExecutor$ScheduledFutureTask::compareTo (101 bytes)
Event: 3688.788 Thread 0x0000022c7d043350 nmethod 2370 0x0000022c6c4cdf10 code [0x0000022c6c4ce0a0, 0x0000022c6c4ce1b8]
Event: 3929.024 Thread 0x0000022c7d043c60 2371       3       java.util.ArrayList$Itr::<init> (26 bytes)
Event: 3929.036 Thread 0x0000022c7d043c60 nmethod 2371 0x0000022c64dbd410 code [0x0000022c64dbd5a0, 0x0000022c64dbd778]
Event: 3933.592 Thread 0x0000022c7d043c60 2372  s    3       java.util.Hashtable::remove (133 bytes)
Event: 3933.608 Thread 0x0000022c7d043c60 nmethod 2372 0x0000022c64dbd890 code [0x0000022c64dbda80, 0x0000022c64dbe258]
Event: 3952.743 Thread 0x0000022c7d043c60 2373  s    3       sun.rmi.transport.Target::refSetRemove (117 bytes)
Event: 3952.844 Thread 0x0000022c7d043c60 nmethod 2373 0x0000022c64dbe490 code [0x0000022c64dbe9a0, 0x0000022c64dc19f8]
Event: 3995.686 Thread 0x0000022c7d043350 2375       4       java.io.ObjectOutputStream$BlockDataOutputStream::writeInt (46 bytes)
Event: 3995.708 Thread 0x0000022c7d043350 nmethod 2375 0x0000022c6c4ce310 code [0x0000022c6c4ce480, 0x0000022c6c4ce5d8]
Event: 4037.301 Thread 0x0000022c7d043350 2376       4       java.io.ObjectOutputStream::writeShort (9 bytes)
Event: 4037.323 Thread 0x0000022c7d043350 nmethod 2376 0x0000022c6c4ce710 code [0x0000022c6c4ce8a0, 0x0000022c6c4ce9d8]
Event: 4100.638 Thread 0x0000022c7d043350 2377       4       java.net.Socket$SocketInputStream::read (11 bytes)

GC Heap History (6 events):
Event: 3.874 GC heap before
{Heap before GC invocations=0 (full 0):
 garbage-first heap   total 131072K, used 26624K [0x00000000c0000000, 0x0000000100000000)
  region size 1024K, 23 young (23552K), 0 survivors (0K)
 Metaspace       used 18149K, committed 18368K, reserved 1114112K
  class space    used 1816K, committed 1920K, reserved 1048576K
}
Event: 3.887 GC heap after
{Heap after GC invocations=1 (full 0):
 garbage-first heap   total 131072K, used 9644K [0x00000000c0000000, 0x0000000100000000)
  region size 1024K, 3 young (3072K), 3 survivors (3072K)
 Metaspace       used 18149K, committed 18368K, reserved 1114112K
  class space    used 1816K, committed 1920K, reserved 1048576K
}
Event: 2512.017 GC heap before
{Heap before GC invocations=1 (full 0):
 garbage-first heap   total 131072K, used 32172K [0x00000000c0000000, 0x0000000100000000)
  region size 1024K, 25 young (25600K), 3 survivors (3072K)
 Metaspace       used 19953K, committed 20288K, reserved 1114112K
  class space    used 1957K, committed 2112K, reserved 1048576K
}
Event: 2512.107 GC heap after
{Heap after GC invocations=2 (full 0):
 garbage-first heap   total 131072K, used 10342K [0x00000000c0000000, 0x0000000100000000)
  region size 1024K, 1 young (1024K), 1 survivors (1024K)
 Metaspace       used 19953K, committed 20288K, reserved 1114112K
  class space    used 1957K, committed 2112K, reserved 1048576K
}
Event: 3600.086 GC heap before
{Heap before GC invocations=2 (full 0):
 garbage-first heap   total 131072K, used 13414K [0x00000000c0000000, 0x0000000100000000)
  region size 1024K, 5 young (5120K), 1 survivors (1024K)
 Metaspace       used 19962K, committed 20352K, reserved 1114112K
  class space    used 1957K, committed 2112K, reserved 1048576K
}
Event: 3601.069 GC heap after
{Heap after GC invocations=3 (full 1):
 garbage-first heap   total 131072K, used 8988K [0x00000000c0000000, 0x0000000100000000)
  region size 1024K, 0 young (0K), 0 survivors (0K)
 Metaspace       used 19672K, committed 20352K, reserved 1114112K
  class space    used 1896K, committed 2112K, reserved 1048576K
}

Dll operation events (2 events):
Event: 0.019 Loaded shared library D:\software\jetbrain\IntelliJ IDEA 2023.1\jbr\bin\java.dll
Event: 0.943 Loaded shared library D:\software\jetbrain\IntelliJ IDEA 2023.1\jbr\bin\verify.dll

Deoptimization events (20 events):
Event: 310.863 Thread 0x0000022c7d55bbe0 Uncommon trap: trap_request=0xffffff45 fr.pc=0x0000022c6c466774 relative=0x00000000000000d4
Event: 310.863 Thread 0x0000022c7d55bbe0 Uncommon trap: reason=unstable_if action=reinterpret pc=0x0000022c6c466774 method=java.lang.ThreadLocal$ThreadLocalMap.getEntry(Ljava/lang/ThreadLocal;)Ljava/lang/ThreadLocal$ThreadLocalMap$Entry; @ 21 c2
Event: 310.864 Thread 0x0000022c7d55bbe0 DEOPT PACKING pc=0x0000022c6c466774 sp=0x00000070068fe840
Event: 310.864 Thread 0x0000022c7d55bbe0 DEOPT UNPACKING pc=0x0000022c6be869a3 sp=0x00000070068fe7e0 mode 2
Event: 3601.273 Thread 0x0000022c7d55bbe0 Uncommon trap: trap_request=0xffffff45 fr.pc=0x0000022c6c462eb8 relative=0x00000000000000b8
Event: 3601.273 Thread 0x0000022c7d55bbe0 Uncommon trap: reason=unstable_if action=reinterpret pc=0x0000022c6c462eb8 method=java.lang.ref.SoftReference.get()Ljava/lang/Object; @ 6 c2
Event: 3601.274 Thread 0x0000022c7d55bbe0 DEOPT PACKING pc=0x0000022c6c462eb8 sp=0x00000070068fe420
Event: 3601.299 Thread 0x0000022c7d55bbe0 DEOPT UNPACKING pc=0x0000022c6be869a3 sp=0x00000070068fe3d0 mode 2
Event: 3601.316 Thread 0x0000022c7d55bbe0 Uncommon trap: trap_request=0xffffff45 fr.pc=0x0000022c6c490df0 relative=0x0000000000002e30
Event: 3601.322 Thread 0x0000022c7d55bbe0 Uncommon trap: reason=unstable_if action=reinterpret pc=0x0000022c6c490df0 method=java.io.ClassCache.processQueue()V @ 9 c2
Event: 3601.322 Thread 0x0000022c7d55bbe0 DEOPT PACKING pc=0x0000022c6c490df0 sp=0x00000070068fef80
Event: 3601.322 Thread 0x0000022c7d55bbe0 DEOPT UNPACKING pc=0x0000022c6be869a3 sp=0x00000070068fee28 mode 2
Event: 3601.333 Thread 0x0000022c7d55bbe0 Uncommon trap: trap_request=0xffffff45 fr.pc=0x0000022c6c47d640 relative=0x0000000000000120
Event: 3601.333 Thread 0x0000022c7d55bbe0 Uncommon trap: reason=unstable_if action=reinterpret pc=0x0000022c6c47d640 method=java.lang.ClassValue.match(Ljava/lang/ClassValue$Entry;)Z @ 12 c2
Event: 3601.333 Thread 0x0000022c7d55bbe0 DEOPT PACKING pc=0x0000022c6c47d640 sp=0x00000070068fee40
Event: 3601.338 Thread 0x0000022c7d55bbe0 DEOPT UNPACKING pc=0x0000022c6be869a3 sp=0x00000070068feda0 mode 2
Event: 3601.373 Thread 0x0000022c7d55bbe0 Uncommon trap: trap_request=0xffffff45 fr.pc=0x0000022c6c47e0ac relative=0x00000000000005ec
Event: 3601.373 Thread 0x0000022c7d55bbe0 Uncommon trap: reason=unstable_if action=reinterpret pc=0x0000022c6c47e0ac method=java.lang.ClassValue.match(Ljava/lang/ClassValue$Entry;)Z @ 12 c2
Event: 3601.373 Thread 0x0000022c7d55bbe0 DEOPT PACKING pc=0x0000022c6c47e0ac sp=0x00000070068fed10
Event: 3601.373 Thread 0x0000022c7d55bbe0 DEOPT UNPACKING pc=0x0000022c6be869a3 sp=0x00000070068febf0 mode 2

Classes unloaded (20 events):
Event: 3600.268 Thread 0x0000022c78c90030 Unloading class 0x0000000100145800 'java/lang/invoke/LambdaForm$MH+0x0000000100145800'
Event: 3600.268 Thread 0x0000022c78c90030 Unloading class 0x0000000100145000 'java/lang/invoke/LambdaForm$MH+0x0000000100145000'
Event: 3600.271 Thread 0x0000022c78c90030 Unloading class 0x0000000100144c00 'java/lang/invoke/LambdaForm$MH+0x0000000100144c00'
Event: 3600.271 Thread 0x0000022c78c90030 Unloading class 0x0000000100144800 'java/lang/invoke/LambdaForm$MH+0x0000000100144800'
Event: 3600.271 Thread 0x0000022c78c90030 Unloading class 0x0000000100144400 'java/lang/invoke/LambdaForm$MH+0x0000000100144400'
Event: 3600.271 Thread 0x0000022c78c90030 Unloading class 0x0000000100144000 'java/lang/invoke/LambdaForm$MH+0x0000000100144000'
Event: 3600.271 Thread 0x0000022c78c90030 Unloading class 0x0000000100143c00 'java/lang/invoke/LambdaForm$MH+0x0000000100143c00'
Event: 3600.271 Thread 0x0000022c78c90030 Unloading class 0x0000000100143000 'java/lang/invoke/LambdaForm$MH+0x0000000100143000'
Event: 3600.271 Thread 0x0000022c78c90030 Unloading class 0x0000000100142800 'java/lang/invoke/LambdaForm$MH+0x0000000100142800'
Event: 3600.271 Thread 0x0000022c78c90030 Unloading class 0x0000000100142000 'java/lang/invoke/LambdaForm$MH+0x0000000100142000'
Event: 3600.271 Thread 0x0000022c78c90030 Unloading class 0x0000000100141800 'java/lang/invoke/LambdaForm$MH+0x0000000100141800'
Event: 3600.271 Thread 0x0000022c78c90030 Unloading class 0x0000000100140c00 'java/lang/invoke/LambdaForm$MH+0x0000000100140c00'
Event: 3600.271 Thread 0x0000022c78c90030 Unloading class 0x0000000100140800 'java/lang/invoke/LambdaForm$MH+0x0000000100140800'
Event: 3600.271 Thread 0x0000022c78c90030 Unloading class 0x0000000100140000 'java/lang/invoke/LambdaForm$MH+0x0000000100140000'
Event: 3600.271 Thread 0x0000022c78c90030 Unloading class 0x0000000100090400 'java/lang/invoke/LambdaForm$DMH+0x0000000100090400'
Event: 3600.271 Thread 0x0000022c78c90030 Unloading class 0x000000010008bc00 'java/lang/invoke/LambdaForm$DMH+0x000000010008bc00'
Event: 3600.272 Thread 0x0000022c78c90030 Unloading class 0x000000010008ac00 'java/lang/invoke/LambdaForm$DMH+0x000000010008ac00'
Event: 3600.272 Thread 0x0000022c78c90030 Unloading class 0x0000000100089400 'java/lang/invoke/LambdaForm$MH+0x0000000100089400'
Event: 3600.273 Thread 0x0000022c78c90030 Unloading class 0x0000000100088800 'java/lang/invoke/LambdaForm$MH+0x0000000100088800'
Event: 3600.277 Thread 0x0000022c78c90030 Unloading class 0x0000000100084400 'java/lang/invoke/LambdaForm$MH+0x0000000100084400'

Classes redefined (0 events):
No events

Internal exceptions (20 events):
Event: 2.295 Thread 0x0000022c7d55bbe0 Exception <a 'java/lang/NoSuchMethodError'{0x00000000c7680bd8}: 'java.lang.Object java.lang.invoke.DirectMethodHandle$Holder.newInvokeSpecial(java.lang.Object, java.lang.Object, int, java.lang.Object, long)'> (0x00000000c7680bd8) 
thrown [s\src\hotspot\share\interpreter\linkResolver.cpp, line 771]
Event: 2.295 Thread 0x0000022c7d55b1c0 Exception <a 'java/lang/NoSuchMethodError'{0x00000000c77cff18}: 'void java.lang.invoke.Invokers$Holder.invoke_MT(java.lang.Object, java.lang.Object, java.lang.Object)'> (0x00000000c77cff18) 
thrown [s\src\hotspot\share\interpreter\linkResolver.cpp, line 771]
Event: 2.520 Thread 0x0000022c7d55b1c0 Exception <a 'java/lang/NoSuchMethodError'{0x00000000c7364ea0}: 'java.lang.Object java.lang.invoke.DirectMethodHandle$Holder.invokeInterface(java.lang.Object, java.lang.Object)'> (0x00000000c7364ea0) 
thrown [s\src\hotspot\share\interpreter\linkResolver.cpp, line 771]
Event: 3.290 Thread 0x0000022c7d55b1c0 Exception <a 'java/lang/NoSuchMethodError'{0x00000000c6dbb558}: 'java.lang.Object java.lang.invoke.DirectMethodHandle$Holder.newInvokeSpecial(java.lang.Object, java.lang.Object, int)'> (0x00000000c6dbb558) 
thrown [s\src\hotspot\share\interpreter\linkResolver.cpp, line 771]
Event: 3.997 Thread 0x0000022c7d55b1c0 Exception <a 'java/lang/reflect/InvocationTargetException'{0x00000000c7fbfb90}> (0x00000000c7fbfb90) 
thrown [s\src\hotspot\share\runtime\reflection.cpp, line 1127]
Event: 4.001 Thread 0x0000022c7d55b1c0 Exception <a 'java/lang/NoSuchMethodError'{0x00000000c7fd6950}: static [Ljava/lang/StackTraceElement;.<clinit>()V> (0x00000000c7fd6950) 
thrown [s\src\hotspot\share\prims\jni.cpp, line 1108]
Event: 4.044 Thread 0x0000022c7d55b1c0 Exception <a 'java/lang/NoSuchMethodError'{0x00000000c7e152e8}: 'java.lang.Object java.lang.invoke.DirectMethodHandle$Holder.invokeSpecial(java.lang.Object, java.lang.Object, java.lang.Object, java.lang.Object, int)'> (0x00000000c7e152e8) 
thrown [s\src\hotspot\share\interpreter\linkResolver.cpp, line 771]
Event: 4.045 Thread 0x0000022c7d55b1c0 Exception <a 'java/lang/NoSuchMethodError'{0x00000000c7e18eb0}: 'java.lang.Object java.lang.invoke.Invokers$Holder.linkToTargetMethod(java.lang.Object, java.lang.Object, int, java.lang.Object)'> (0x00000000c7e18eb0) 
thrown [s\src\hotspot\share\interpreter\linkResolver.cpp, line 771]
Event: 5.901 Thread 0x0000022c7d55b1c0 Exception <a 'java/lang/reflect/InvocationTargetException'{0x00000000c7d99708}> (0x00000000c7d99708) 
thrown [s\src\hotspot\share\runtime\reflection.cpp, line 1127]
Event: 11.021 Thread 0x0000022c7d55b1c0 Exception <a 'java/lang/NoSuchMethodError'{0x00000000c7a4bd18}: static Lcom/intellij/database/remote/jdba/core/ConnectionInfo;.<clinit>()V> (0x00000000c7a4bd18) 
thrown [s\src\hotspot\share\prims\jni.cpp, line 1108]
Event: 11.023 Thread 0x0000022c7d55b1c0 Exception <a 'java/lang/NoSuchMethodError'{0x00000000c7a560a0}: static Ljava/lang/Object;.<clinit>()V> (0x00000000c7a560a0) 
thrown [s\src\hotspot\share\prims\jni.cpp, line 1108]
Event: 11.024 Thread 0x0000022c7d55b1c0 Exception <a 'java/lang/NoSuchMethodError'{0x00000000c7a59bf0}: static [I.<clinit>()V> (0x00000000c7a59bf0) 
thrown [s\src\hotspot\share\prims\jni.cpp, line 1108]
Event: 11.130 Thread 0x0000022c7d55b1c0 Exception <a 'java/lang/NoSuchMethodError'{0x00000000c7978b18}: static Lcom/intellij/database/remote/jdba/core/ResultLayout;.<clinit>()V> (0x00000000c7978b18) 
thrown [s\src\hotspot\share\prims\jni.cpp, line 1108]
Event: 11.133 Thread 0x0000022c7d55b1c0 Exception <a 'java/lang/NoSuchMethodError'{0x00000000c7985460}: static Lcom/intellij/database/remote/jdba/core/RowLayout;.<clinit>()V> (0x00000000c7985460) 
thrown [s\src\hotspot\share\prims\jni.cpp, line 1108]
Event: 11.135 Thread 0x0000022c7d55b1c0 Exception <a 'java/lang/NoSuchMethodError'{0x00000000c7990260}: static Lcom/intellij/database/remote/jdba/util/NameAndClass;.<clinit>()V> (0x00000000c7990260) 
thrown [s\src\hotspot\share\prims\jni.cpp, line 1108]
Event: 11.215 Thread 0x0000022c7d55b1c0 Exception <a 'java/lang/NoSuchMethodError'{0x00000000c784b380}: static [Ljava/lang/String;.<clinit>()V> (0x00000000c784b380) 
thrown [s\src\hotspot\share\prims\jni.cpp, line 1108]
Event: 11.369 Thread 0x0000022c7d55b1c0 Exception <a 'java/lang/NoSuchMethodError'{0x00000000c772ea00}: static [Ljava/lang/Object;.<clinit>()V> (0x00000000c772ea00) 
thrown [s\src\hotspot\share\prims\jni.cpp, line 1108]
Event: 26.244 Thread 0x0000022c7d55b1c0 Exception <a 'java/lang/NoSuchMethodError'{0x00000000c72cfc18}: static Lcom/intellij/database/remote/jdbc/RemoteResultSet$DataRetrievingOptions;.<clinit>()V> (0x00000000c72cfc18) 
thrown [s\src\hotspot\share\prims\jni.cpp, line 1108]
Event: 310.862 Thread 0x0000022c7d55bbe0 Implicit null exception at 0x0000022c6c46625d to 0x0000022c6c4662dc
Event: 310.863 Thread 0x0000022c7d55bbe0 Implicit null exception at 0x0000022c6c4666f0 to 0x0000022c6c46675c

VM Operations (20 events):
Event: 1365.964 Executing VM operation: Cleanup
Event: 1365.965 Executing VM operation: Cleanup done
Event: 2476.884 Executing VM operation: Cleanup
Event: 2476.886 Executing VM operation: Cleanup done
Event: 2485.890 Executing VM operation: Cleanup
Event: 2485.892 Executing VM operation: Cleanup done
Event: 2512.013 Executing VM operation: G1CollectForAllocation
Event: 2512.107 Executing VM operation: G1CollectForAllocation done
Event: 2513.149 Executing VM operation: Cleanup
Event: 2513.151 Executing VM operation: Cleanup done
Event: 3011.826 Executing VM operation: Cleanup
Event: 3011.831 Executing VM operation: Cleanup done
Event: 3490.333 Executing VM operation: Cleanup
Event: 3490.337 Executing VM operation: Cleanup done
Event: 3600.055 Executing VM operation: G1CollectFull
Event: 3601.069 Executing VM operation: G1CollectFull done
Event: 3602.071 Executing VM operation: Cleanup
Event: 3602.071 Executing VM operation: Cleanup done
Event: 4046.940 Executing VM operation: Cleanup
Event: 4046.955 Executing VM operation: Cleanup done

Events (20 events):
Event: 27.798 Thread 0x0000022c7d55cb10 Thread exited: 0x0000022c7d55cb10
Event: 27.798 Thread 0x0000022c7d559870 Thread exited: 0x0000022c7d559870
Event: 27.798 Thread 0x0000022c7d55cb10 Thread added: 0x0000022c7d55cb10
Event: 27.799 Thread 0x0000022c7d55a7a0 Thread added: 0x0000022c7d55a7a0
Event: 27.799 Thread 0x0000022c7d55cb10 Thread exited: 0x0000022c7d55cb10
Event: 27.799 Thread 0x0000022c7d559870 Thread added: 0x0000022c7d559870
Event: 27.799 Thread 0x0000022c7d55a7a0 Thread exited: 0x0000022c7d55a7a0
Event: 27.799 Thread 0x0000022c7d55c600 Thread exited: 0x0000022c7d55c600
Event: 27.799 Thread 0x0000022c7d559d80 Thread exited: 0x0000022c7d559d80
Event: 27.800 Thread 0x0000022c7d559870 Thread exited: 0x0000022c7d559870
Event: 43.294 Thread 0x0000022c7d55a7a0 Thread added: 0x0000022c7d55a7a0
Event: 43.295 Thread 0x0000022c7d55a7a0 Thread exited: 0x0000022c7d55a7a0
Event: 76.927 loading class java/util/IdentityHashMap$KeyIterator
Event: 76.928 loading class java/util/IdentityHashMap$IdentityHashMapIterator
Event: 76.928 loading class java/util/IdentityHashMap$IdentityHashMapIterator done
Event: 76.928 loading class java/util/IdentityHashMap$KeyIterator done
Event: 76.928 Thread 0x0000022c7d553ca0 Thread exited: 0x0000022c7d553ca0
Event: 91.963 Thread 0x0000022c7d55a290 Thread exited: 0x0000022c7d55a290
Event: 3601.083 loading class sun/rmi/transport/DGCClient$EndpointEntry$CleanRequest
Event: 3601.121 loading class sun/rmi/transport/DGCClient$EndpointEntry$CleanRequest done


Dynamic libraries:
0x00007ff6b9ef0000 - 0x00007ff6b9efa000 	D:\software\jetbrain\IntelliJ IDEA 2023.1\jbr\bin\java.exe
0x00007ffebda70000 - 0x00007ffebdc87000 	C:\WINDOWS\SYSTEM32\ntdll.dll
0x00007ffebcc60000 - 0x00007ffebcd24000 	C:\WINDOWS\System32\KERNEL32.DLL
0x00007ffebb360000 - 0x00007ffebb707000 	C:\WINDOWS\System32\KERNELBASE.dll
0x00007ffebaee0000 - 0x00007ffebaff1000 	C:\WINDOWS\System32\ucrtbase.dll
0x00007ffeb6130000 - 0x00007ffeb6147000 	D:\software\jetbrain\IntelliJ IDEA 2023.1\jbr\bin\jli.dll
0x00007ffe88870000 - 0x00007ffe8888b000 	D:\software\jetbrain\IntelliJ IDEA 2023.1\jbr\bin\VCRUNTIME140.dll
0x00007ffebcf70000 - 0x00007ffebd11e000 	C:\WINDOWS\System32\USER32.dll
0x00007ffebb0a0000 - 0x00007ffebb0c6000 	C:\WINDOWS\System32\win32u.dll
0x00007ffe9fba0000 - 0x00007ffe9fe33000 	C:\WINDOWS\WinSxS\amd64_microsoft.windows.common-controls_6595b64144ccf1df_6.0.22621.2483_none_2714a1b573815e84\COMCTL32.dll
0x00007ffebce80000 - 0x00007ffebcf27000 	C:\WINDOWS\System32\msvcrt.dll
0x00007ffebd840000 - 0x00007ffebd869000 	C:\WINDOWS\System32\GDI32.dll
0x00007ffebb0d0000 - 0x00007ffebb1e9000 	C:\WINDOWS\System32\gdi32full.dll
0x00007ffebb000000 - 0x00007ffebb09a000 	C:\WINDOWS\System32\msvcp_win.dll
0x00007ffebcf30000 - 0x00007ffebcf61000 	C:\WINDOWS\System32\IMM32.DLL
0x00007ffe92be0000 - 0x00007ffe92bec000 	D:\software\jetbrain\IntelliJ IDEA 2023.1\jbr\bin\vcruntime140_1.dll
0x00007ffe7a0c0000 - 0x00007ffe7a14d000 	D:\software\jetbrain\IntelliJ IDEA 2023.1\jbr\bin\msvcp140.dll
0x00007ffe405c0000 - 0x00007ffe41243000 	D:\software\jetbrain\IntelliJ IDEA 2023.1\jbr\bin\server\jvm.dll
0x00007ffebd870000 - 0x00007ffebd920000 	C:\WINDOWS\System32\ADVAPI32.dll
0x00007ffebb850000 - 0x00007ffebb8f6000 	C:\WINDOWS\System32\sechost.dll
0x00007ffebb920000 - 0x00007ffebba37000 	C:\WINDOWS\System32\RPCRT4.dll
0x00007ffeb22a0000 - 0x00007ffeb22d4000 	C:\WINDOWS\SYSTEM32\WINMM.dll
0x00007ffeb7720000 - 0x00007ffeb7729000 	C:\WINDOWS\SYSTEM32\WSOCK32.dll
0x00007ffebacc0000 - 0x00007ffebad0d000 	C:\WINDOWS\SYSTEM32\POWRPROF.dll
0x00007ffebd450000 - 0x00007ffebd4c1000 	C:\WINDOWS\System32\WS2_32.dll
0x00007ffeb14a0000 - 0x00007ffeb14aa000 	C:\WINDOWS\SYSTEM32\VERSION.dll
0x00007ffebaca0000 - 0x00007ffebacb3000 	C:\WINDOWS\SYSTEM32\UMPDC.dll
0x00007ffeb9dc0000 - 0x00007ffeb9dd8000 	C:\WINDOWS\SYSTEM32\kernel.appcore.dll
0x00007ffeb6180000 - 0x00007ffeb618a000 	D:\software\jetbrain\IntelliJ IDEA 2023.1\jbr\bin\jimage.dll
0x00007ffeaea80000 - 0x00007ffeaecb3000 	C:\WINDOWS\SYSTEM32\DBGHELP.DLL
0x00007ffebc450000 - 0x00007ffebc7d9000 	C:\WINDOWS\System32\combase.dll
0x00007ffebd370000 - 0x00007ffebd447000 	C:\WINDOWS\System32\OLEAUT32.dll
0x00007ffe9d220000 - 0x00007ffe9d252000 	C:\WINDOWS\SYSTEM32\dbgcore.DLL
0x00007ffebadf0000 - 0x00007ffebae6a000 	C:\WINDOWS\System32\bcryptPrimitives.dll
0x00007ffea70f0000 - 0x00007ffea7115000 	D:\software\jetbrain\IntelliJ IDEA 2023.1\jbr\bin\java.dll
0x00007ffea6ed0000 - 0x00007ffea6ee8000 	D:\software\jetbrain\IntelliJ IDEA 2023.1\jbr\bin\zip.dll
0x00007ffebbbf0000 - 0x00007ffebc449000 	C:\WINDOWS\System32\SHELL32.dll
0x00007ffeb8c90000 - 0x00007ffeb9586000 	C:\WINDOWS\SYSTEM32\windows.storage.dll
0x00007ffeb8b50000 - 0x00007ffeb8c8e000 	C:\WINDOWS\SYSTEM32\wintypes.dll
0x00007ffebbaf0000 - 0x00007ffebbbe3000 	C:\WINDOWS\System32\SHCORE.dll
0x00007ffebd310000 - 0x00007ffebd36e000 	C:\WINDOWS\System32\shlwapi.dll
0x00007ffebad20000 - 0x00007ffebad46000 	C:\WINDOWS\SYSTEM32\profapi.dll
0x00007ffea6df0000 - 0x00007ffea6e09000 	D:\software\jetbrain\IntelliJ IDEA 2023.1\jbr\bin\net.dll
0x00007ffeb3720000 - 0x00007ffeb3857000 	C:\WINDOWS\SYSTEM32\WINHTTP.dll
0x00007ffeba250000 - 0x00007ffeba2b9000 	C:\WINDOWS\system32\mswsock.dll
0x00007ffea6dd0000 - 0x00007ffea6de6000 	D:\software\jetbrain\IntelliJ IDEA 2023.1\jbr\bin\nio.dll
0x00007ffeaa2c0000 - 0x00007ffeaa2d0000 	D:\software\jetbrain\IntelliJ IDEA 2023.1\jbr\bin\verify.dll
0x00007ffeb97e0000 - 0x00007ffeb980d000 	C:\WINDOWS\SYSTEM32\IPHLPAPI.DLL
0x00007ffebd4d0000 - 0x00007ffebd4d9000 	C:\WINDOWS\System32\NSI.dll
0x00007ffeb3d10000 - 0x00007ffeb3d29000 	C:\WINDOWS\SYSTEM32\dhcpcsvc6.DLL
0x00007ffeb32d0000 - 0x00007ffeb32ef000 	C:\WINDOWS\SYSTEM32\dhcpcsvc.DLL
0x00007ffeb9810000 - 0x00007ffeb9909000 	C:\WINDOWS\SYSTEM32\DNSAPI.dll
0x00007ffeba4c0000 - 0x00007ffeba4db000 	C:\WINDOWS\SYSTEM32\CRYPTSP.dll
0x00007ffeb9d20000 - 0x00007ffeb9d55000 	C:\WINDOWS\system32\rsaenh.dll
0x00007ffeba360000 - 0x00007ffeba38c000 	C:\WINDOWS\SYSTEM32\USERENV.dll
0x00007ffeba6b0000 - 0x00007ffeba6d8000 	C:\WINDOWS\SYSTEM32\bcrypt.dll
0x00007ffeba4e0000 - 0x00007ffeba4ec000 	C:\WINDOWS\SYSTEM32\CRYPTBASE.dll
0x00007ffea6e40000 - 0x00007ffea6e47000 	D:\software\jetbrain\IntelliJ IDEA 2023.1\jbr\bin\rmi.dll
0x00007ffeaea70000 - 0x00007ffeaea7a000 	C:\Windows\System32\rasadhlp.dll
0x00007ffeb1330000 - 0x00007ffeb13b3000 	C:\WINDOWS\System32\fwpuclnt.dll

dbghelp: loaded successfully - version: 4.0.5 - missing functions: none
symbol engine: initialized successfully - sym options: 0x614 - pdb path: .;D:\software\jetbrain\IntelliJ IDEA 2023.1\jbr\bin;C:\WINDOWS\SYSTEM32;C:\WINDOWS\WinSxS\amd64_microsoft.windows.common-controls_6595b64144ccf1df_6.0.22621.2483_none_2714a1b573815e84;D:\software\jetbrain\IntelliJ IDEA 2023.1\jbr\bin\server

VM Arguments:
jvm_args: -Djava.rmi.server.hostname=127.0.0.1 -Duser.timezone=UTC -Xmx1024m -Xms128m -Djna.boot.library.path=D:\software\jetbrain\IntelliJ IDEA 2023.1/lib/jna/amd64 -Djna.nosys=true -Djna.noclasspath=true -Djdbc.classpath=D:\software\jetbrain\IntelliJ IDEA 2023.1\plugins\DatabaseTools\lib\jdbc-console.jar;C:\Users\zhouhuanping\AppData\Roaming\JetBrains\IntelliJIdea2023.2\jdbc-drivers\MySQL ConnectorJ\5.1.47\mysql-connector-java-5.1.47.jar --add-exports=java.desktop/sun.awt=ALL-UNNAMED --add-exports=java.desktop/java.awt.peer=ALL-UNNAMED --add-opens=java.desktop/java.awt=ALL-UNNAMED --add-opens=jdk.unsupported/sun.misc=ALL-UNNAMED --add-opens=java.base/java.nio=ALL-UNNAMED --add-opens=java.base/java.util=ALL-UNNAMED -Dfile.encoding=UTF-8 
java_command: com.intellij.database.remote.RemoteJdbcServer com.mysql.jdbc.Driver
java_class_path (initial): D:\software\jetbrain\IntelliJ IDEA 2023.1\lib\util_rt.jar;D:\software\jetbrain\IntelliJ IDEA 2023.1\lib\util-8.jar;D:\software\jetbrain\IntelliJ IDEA 2023.1\lib\groovy.jar;D:\software\jetbrain\IntelliJ IDEA 2023.1\plugins\DatabaseTools\lib\jdbc-console.jar;D:\software\jetbrain\IntelliJ IDEA 2023.1\plugins\grid-core-impl\lib\jdbc-console-types.jar;D:\software\jetbrain\IntelliJ IDEA 2023.1\lib\util.jar;D:\software\jetbrain\IntelliJ IDEA 2023.1\lib\bouncy-castle.jar
Launcher Type: SUN_STANDARD

[Global flags]
     intx CICompilerCount                          = 4                                         {product} {ergonomic}
     uint ConcGCThreads                            = 2                                         {product} {ergonomic}
     uint G1ConcRefinementThreads                  = 8                                         {product} {ergonomic}
   size_t G1HeapRegionSize                         = 1048576                                   {product} {ergonomic}
    uintx GCDrainStackTargetSize                   = 64                                        {product} {ergonomic}
   size_t InitialHeapSize                          = 134217728                                 {product} {command line}
   size_t MarkStackSize                            = 4194304                                   {product} {ergonomic}
   size_t MaxHeapSize                              = 1073741824                                {product} {command line}
   size_t MaxNewSize                               = 643825664                                 {product} {ergonomic}
   size_t MinHeapDeltaBytes                        = 1048576                                   {product} {ergonomic}
   size_t MinHeapSize                              = 134217728                                 {product} {command line}
    uintx NonNMethodCodeHeapSize                   = 5839372                                {pd product} {ergonomic}
    uintx NonProfiledCodeHeapSize                  = 122909434                              {pd product} {ergonomic}
    uintx ProfiledCodeHeapSize                     = 122909434                              {pd product} {ergonomic}
    uintx ReservedCodeCacheSize                    = 251658240                              {pd product} {ergonomic}
     bool SegmentedCodeCache                       = true                                      {product} {ergonomic}
   size_t SoftMaxHeapSize                          = 1073741824                             {manageable} {ergonomic}
     bool UseCompressedClassPointers               = true                           {product lp64_product} {ergonomic}
     bool UseCompressedOops                        = true                           {product lp64_product} {ergonomic}
     bool UseG1GC                                  = true                                      {product} {ergonomic}
     bool UseLargePagesIndividualAllocation        = false                                  {pd product} {ergonomic}

Logging:
Log output configuration:
 #0: stdout all=warning uptime,level,tags
 #1: stderr all=off uptime,level,tags

Environment Variables:
CLASSPATH=D:\software\Java\jdk1.8.0_201
PATH=C:\WINDOWS\system32;C:\WINDOWS;C:\WINDOWS\System32\Wbem;C:\WINDOWS\System32\WindowsPowerShell\v1.0\;C:\WINDOWS\System32\OpenSSH\;D:\software\Java\jdk1.8.0_201\bin;D:\software\maven\apache-maven-3.5.4-bin\apache-maven-3.5.4\bin;D:\software\mysqlService\bin;D:\software\python\Scripts;D:\software\python;C:\Program Files\Git\cmd;D:\software\ngrok\ngrok-v3-stable-windows-amd64;D:\software\Locyanfrp;C:\Program Files\dotnet\;D:\software\node\;C:\Users\zhouhuanping\AppData\Local\Microsoft\WindowsApps;D:\software\jetbrain\IntelliJ IDEA 2023.1\bin;;D:\software\pycharm-pro\PyCharm 2019.3.5\bin;;;D:\software\webStorm\bin;;C:\Users\zhouhuanping\AppData\Roaming\npm
USERNAME=zhouhuanping
OS=Windows_NT
PROCESSOR_IDENTIFIER=AMD64 Family 23 Model 24 Stepping 1, AuthenticAMD
TMP=C:\Users\ZHOUHU~1\AppData\Local\Temp
TEMP=C:\Users\ZHOUHU~1\AppData\Local\Temp


JNI global refs:
JNI global refs: 18, weak refs: 0

JNI global refs memory usage: 843, weak refs: 209

OOME stack traces (most recent first):
Classloader memory used:
Loader bootstrap                                                                       : 1835K
Loader com.intellij.database.remote.jdbc.impl.JdbcClassLoader$JdbcClassLoaderImpl      : 300K
Loader jdk.internal.loader.ClassLoaders$AppClassLoader                                 : 261K
Loader jdk.internal.loader.ClassLoaders$PlatformClassLoader                            : 48339B
Loader jdk.internal.reflect.DelegatingClassLoader                                      : 15203B


---------------  S Y S T E M  ---------------

OS:
 Windows 11 , 64 bit Build 22621 (10.0.22621.2700)
OS uptime: 2 days 18:20 hours
Hyper-V role detected

CPU: total 8 (initial active 8) (8 cores per cpu, 2 threads per core) family 23 model 24 stepping 1 microcode 0x0, cx8, cmov, fxsr, ht, mmx, 3dnowpref, sse, sse2, sse3, ssse3, sse4a, sse4.1, sse4.2, popcnt, lzcnt, tsc, tscinvbit, avx, avx2, aes, clmul, bmi1, bmi2, adx, sha, fma, vzeroupper, clflush, clflushopt, hv
Processor Information for all 8 processors :
  Max Mhz: 2100, Current Mhz: 2100, Mhz Limit: 2100

Memory: 4k page, system-wide physical 6030M (210M free)
TotalPageFile size 14004M (AvailPageFile size 0M)
current process WorkingSet (physical memory assigned to process): 17M, peak: 105M
current process commit charge ("private bytes"): 229M, peak: 258M

vm_info: OpenJDK 64-Bit Server VM (17.0.8.1+7-b1000.32) for windows-amd64 JRE (17.0.8.1+7-b1000.32), built on 2023-09-15 by "builduser" with MS VC++ 16.10 / 16.11 (VS2019)

END.
